mode: set
github.com/loicalleyne/bufarrowlib/append_raw.go:18.51,19.24 1 1
github.com/loicalleyne/bufarrowlib/append_raw.go:19.24,21.3 1 0
github.com/loicalleyne/bufarrowlib/append_raw.go:23.2,27.72 4 1
github.com/loicalleyne/bufarrowlib/append_raw.go:27.72,29.3 1 1
github.com/loicalleyne/bufarrowlib/append_raw.go:31.2,31.62 1 1
github.com/loicalleyne/bufarrowlib/append_raw.go:31.62,34.3 2 0
github.com/loicalleyne/bufarrowlib/append_raw.go:36.2,39.33 3 1
github.com/loicalleyne/bufarrowlib/append_raw.go:39.33,41.3 1 0
github.com/loicalleyne/bufarrowlib/append_raw.go:42.2,42.12 1 1
github.com/loicalleyne/bufarrowlib/append_raw.go:54.57,55.24 1 1
github.com/loicalleyne/bufarrowlib/append_raw.go:55.24,57.3 1 0
github.com/loicalleyne/bufarrowlib/append_raw.go:58.2,58.25 1 1
github.com/loicalleyne/bufarrowlib/append_raw.go:58.25,60.3 1 0
github.com/loicalleyne/bufarrowlib/append_raw.go:62.2,66.72 4 1
github.com/loicalleyne/bufarrowlib/append_raw.go:66.72,68.3 1 1
github.com/loicalleyne/bufarrowlib/append_raw.go:70.2,70.62 1 1
github.com/loicalleyne/bufarrowlib/append_raw.go:70.62,73.3 2 0
github.com/loicalleyne/bufarrowlib/append_raw.go:75.2,78.16 3 1
github.com/loicalleyne/bufarrowlib/append_raw.go:78.16,80.3 1 0
github.com/loicalleyne/bufarrowlib/append_raw.go:82.2,82.33 1 1
github.com/loicalleyne/bufarrowlib/append_raw.go:82.33,84.3 1 0
github.com/loicalleyne/bufarrowlib/append_raw.go:85.2,85.12 1 1
github.com/loicalleyne/bufarrowlib/bufarrow.go:80.71,81.26 1 1
github.com/loicalleyne/bufarrowlib/bufarrow.go:81.26,83.3 1 1
github.com/loicalleyne/bufarrowlib/bufarrow.go:91.92,92.26 1 1
github.com/loicalleyne/bufarrowlib/bufarrow.go:92.26,96.3 3 1
github.com/loicalleyne/bufarrowlib/bufarrow.go:111.64,112.26 1 1
github.com/loicalleyne/bufarrowlib/bufarrow.go:112.26,114.3 1 1
github.com/loicalleyne/bufarrowlib/bufarrow.go:127.42,128.26 1 1
github.com/loicalleyne/bufarrowlib/bufarrow.go:128.26,130.3 1 1
github.com/loicalleyne/bufarrowlib/bufarrow.go:138.134,140.16 2 1
github.com/loicalleyne/bufarrowlib/bufarrow.go:140.16,142.3 1 1
github.com/loicalleyne/bufarrowlib/bufarrow.go:143.2,144.16 2 1
github.com/loicalleyne/bufarrowlib/bufarrow.go:144.16,146.3 1 1
github.com/loicalleyne/bufarrowlib/bufarrow.go:147.2,147.35 1 1
github.com/loicalleyne/bufarrowlib/bufarrow.go:155.116,156.15 1 1
github.com/loicalleyne/bufarrowlib/bufarrow.go:156.15,158.15 2 1
github.com/loicalleyne/bufarrowlib/bufarrow.go:158.15,159.25 1 1
github.com/loicalleyne/bufarrowlib/bufarrow.go:160.15,161.12 1 1
github.com/loicalleyne/bufarrowlib/bufarrow.go:162.16,163.24 1 0
github.com/loicalleyne/bufarrowlib/bufarrow.go:164.12,165.13 1 0
github.com/loicalleyne/bufarrowlib/bufarrow.go:170.2,171.25 2 1
github.com/loicalleyne/bufarrowlib/bufarrow.go:171.25,173.3 1 1
github.com/loicalleyne/bufarrowlib/bufarrow.go:176.2,176.55 1 1
github.com/loicalleyne/bufarrowlib/bufarrow.go:176.55,178.3 1 1
github.com/loicalleyne/bufarrowlib/bufarrow.go:181.2,181.29 1 1
github.com/loicalleyne/bufarrowlib/bufarrow.go:181.29,183.17 2 1
github.com/loicalleyne/bufarrowlib/bufarrow.go:183.17,185.4 1 1
github.com/loicalleyne/bufarrowlib/bufarrow.go:186.3,187.17 2 1
github.com/loicalleyne/bufarrowlib/bufarrow.go:187.17,189.4 1 1
github.com/loicalleyne/bufarrowlib/bufarrow.go:192.2,193.28 2 1
github.com/loicalleyne/bufarrowlib/bufarrow.go:193.28,195.17 2 1
github.com/loicalleyne/bufarrowlib/bufarrow.go:195.17,197.4 1 1
github.com/loicalleyne/bufarrowlib/bufarrow.go:201.2,202.26 2 1
github.com/loicalleyne/bufarrowlib/bufarrow.go:202.26,204.3 1 1
github.com/loicalleyne/bufarrowlib/bufarrow.go:206.2,207.24 2 1
github.com/loicalleyne/bufarrowlib/bufarrow.go:207.24,209.3 1 1
github.com/loicalleyne/bufarrowlib/bufarrow.go:209.8,211.3 1 1
github.com/loicalleyne/bufarrowlib/bufarrow.go:212.2,214.24 3 1
github.com/loicalleyne/bufarrowlib/bufarrow.go:214.24,217.3 2 1
github.com/loicalleyne/bufarrowlib/bufarrow.go:219.2,220.26 2 1
github.com/loicalleyne/bufarrowlib/bufarrow.go:220.26,225.3 3 1
github.com/loicalleyne/bufarrowlib/bufarrow.go:225.8,228.3 2 1
github.com/loicalleyne/bufarrowlib/bufarrow.go:230.2,232.28 2 1
github.com/loicalleyne/bufarrowlib/bufarrow.go:232.28,233.51 1 1
github.com/loicalleyne/bufarrowlib/bufarrow.go:233.51,235.4 1 1
github.com/loicalleyne/bufarrowlib/bufarrow.go:237.2,237.16 1 1
github.com/loicalleyne/bufarrowlib/bufarrow.go:246.78,247.15 1 1
github.com/loicalleyne/bufarrowlib/bufarrow.go:247.15,249.15 2 1
github.com/loicalleyne/bufarrowlib/bufarrow.go:249.15,250.25 1 0
github.com/loicalleyne/bufarrowlib/bufarrow.go:251.15,252.12 1 0
github.com/loicalleyne/bufarrowlib/bufarrow.go:253.16,254.24 1 0
github.com/loicalleyne/bufarrowlib/bufarrow.go:255.12,256.13 1 0
github.com/loicalleyne/bufarrowlib/bufarrow.go:260.2,264.24 5 1
github.com/loicalleyne/bufarrowlib/bufarrow.go:264.24,267.3 2 1
github.com/loicalleyne/bufarrowlib/bufarrow.go:268.2,268.28 1 1
github.com/loicalleyne/bufarrowlib/bufarrow.go:268.28,270.3 1 1
github.com/loicalleyne/bufarrowlib/bufarrow.go:271.2,271.25 1 1
github.com/loicalleyne/bufarrowlib/bufarrow.go:271.25,272.48 1 1
github.com/loicalleyne/bufarrowlib/bufarrow.go:272.48,274.4 1 0
github.com/loicalleyne/bufarrowlib/bufarrow.go:276.2,276.16 1 1
github.com/loicalleyne/bufarrowlib/bufarrow.go:281.50,283.2 1 1
github.com/loicalleyne/bufarrowlib/bufarrow.go:291.88,292.28 1 1
github.com/loicalleyne/bufarrowlib/bufarrow.go:292.28,294.3 1 1
github.com/loicalleyne/bufarrowlib/bufarrow.go:295.2,296.16 2 1
github.com/loicalleyne/bufarrowlib/bufarrow.go:296.16,298.3 1 0
github.com/loicalleyne/bufarrowlib/bufarrow.go:299.2,300.12 2 1
github.com/loicalleyne/bufarrowlib/bufarrow.go:305.102,308.16 3 1
github.com/loicalleyne/bufarrowlib/bufarrow.go:308.16,310.3 1 0
github.com/loicalleyne/bufarrowlib/bufarrow.go:311.2,311.47 1 1
github.com/loicalleyne/bufarrowlib/bufarrow.go:311.47,313.3 1 0
github.com/loicalleyne/bufarrowlib/bufarrow.go:314.2,315.16 2 1
github.com/loicalleyne/bufarrowlib/bufarrow.go:315.16,317.3 1 0
github.com/loicalleyne/bufarrowlib/bufarrow.go:318.2,318.47 1 1
github.com/loicalleyne/bufarrowlib/bufarrow.go:318.47,320.3 1 0
github.com/loicalleyne/bufarrowlib/bufarrow.go:321.2,321.15 1 1
github.com/loicalleyne/bufarrowlib/bufarrow.go:326.57,328.2 1 1
github.com/loicalleyne/bufarrowlib/bufarrow.go:335.65,337.2 1 1
github.com/loicalleyne/bufarrowlib/bufarrow.go:341.57,343.2 1 1
github.com/loicalleyne/bufarrowlib/bufarrow.go:348.69,349.28 1 1
github.com/loicalleyne/bufarrowlib/bufarrow.go:349.28,351.3 1 1
github.com/loicalleyne/bufarrowlib/bufarrow.go:352.2,352.41 1 1
github.com/loicalleyne/bufarrowlib/bufarrow.go:356.47,358.2 1 1
github.com/loicalleyne/bufarrowlib/bufarrow.go:361.45,363.2 1 1
github.com/loicalleyne/bufarrowlib/bufarrow.go:366.44,368.42 2 1
github.com/loicalleyne/bufarrowlib/bufarrow.go:368.42,370.3 1 1
github.com/loicalleyne/bufarrowlib/bufarrow.go:371.2,371.19 1 1
github.com/loicalleyne/bufarrowlib/bufarrow.go:376.123,378.2 1 1
github.com/loicalleyne/bufarrowlib/bufarrow.go:381.54,383.2 1 1
github.com/loicalleyne/bufarrowlib/bufarrow.go:386.91,388.2 1 1
github.com/loicalleyne/bufarrowlib/bufarrow.go:392.77,394.2 1 1
github.com/loicalleyne/bufarrowlib/bufarrow.go:397.32,399.2 1 1
github.com/loicalleyne/bufarrowlib/denorm.go:52.44,54.25 2 1
github.com/loicalleyne/bufarrowlib/denorm.go:54.25,55.22 1 1
github.com/loicalleyne/bufarrowlib/denorm.go:56.32,57.19 1 1
github.com/loicalleyne/bufarrowlib/denorm.go:57.19,59.5 1 0
github.com/loicalleyne/bufarrowlib/denorm.go:61.4,62.56 2 1
github.com/loicalleyne/bufarrowlib/denorm.go:62.56,64.5 1 1
github.com/loicalleyne/bufarrowlib/denorm.go:65.4,65.45 1 1
github.com/loicalleyne/bufarrowlib/denorm.go:66.29,67.19 1 1
github.com/loicalleyne/bufarrowlib/denorm.go:67.19,69.5 1 0
github.com/loicalleyne/bufarrowlib/denorm.go:70.4,71.56 2 1
github.com/loicalleyne/bufarrowlib/denorm.go:71.56,73.5 1 1
github.com/loicalleyne/bufarrowlib/denorm.go:74.4,74.109 1 1
github.com/loicalleyne/bufarrowlib/denorm.go:77.2,77.19 1 1
github.com/loicalleyne/bufarrowlib/denorm.go:87.79,100.28 9 1
github.com/loicalleyne/bufarrowlib/denorm.go:100.28,102.37 2 1
github.com/loicalleyne/bufarrowlib/denorm.go:102.37,104.4 1 0
github.com/loicalleyne/bufarrowlib/denorm.go:104.9,106.4 1 1
github.com/loicalleyne/bufarrowlib/denorm.go:107.3,107.16 1 1
github.com/loicalleyne/bufarrowlib/denorm.go:107.16,109.4 1 0
github.com/loicalleyne/bufarrowlib/denorm.go:110.3,115.4 1 1
github.com/loicalleyne/bufarrowlib/denorm.go:117.2,117.12 1 1
github.com/loicalleyne/bufarrowlib/denorm.go:132.68,134.16 2 1
github.com/loicalleyne/bufarrowlib/denorm.go:134.16,136.3 1 0
github.com/loicalleyne/bufarrowlib/denorm.go:137.2,146.28 6 1
github.com/loicalleyne/bufarrowlib/denorm.go:146.28,147.37 1 1
github.com/loicalleyne/bufarrowlib/denorm.go:147.37,150.17 2 1
github.com/loicalleyne/bufarrowlib/denorm.go:150.17,152.5 1 0
github.com/loicalleyne/bufarrowlib/denorm.go:153.4,155.12 2 1
github.com/loicalleyne/bufarrowlib/denorm.go:160.3,161.16 2 1
github.com/loicalleyne/bufarrowlib/denorm.go:161.16,164.29 2 1
github.com/loicalleyne/bufarrowlib/denorm.go:164.29,166.5 1 0
github.com/loicalleyne/bufarrowlib/denorm.go:167.4,167.44 1 1
github.com/loicalleyne/bufarrowlib/denorm.go:170.3,171.39 2 1
github.com/loicalleyne/bufarrowlib/denorm.go:171.39,172.48 1 1
github.com/loicalleyne/bufarrowlib/denorm.go:172.48,174.10 2 1
github.com/loicalleyne/bufarrowlib/denorm.go:177.3,177.16 1 1
github.com/loicalleyne/bufarrowlib/denorm.go:177.16,179.4 1 0
github.com/loicalleyne/bufarrowlib/denorm.go:180.3,181.16 2 1
github.com/loicalleyne/bufarrowlib/denorm.go:181.16,183.4 1 1
github.com/loicalleyne/bufarrowlib/denorm.go:184.3,189.4 2 1
github.com/loicalleyne/bufarrowlib/denorm.go:192.2,202.28 6 1
github.com/loicalleyne/bufarrowlib/denorm.go:202.28,204.33 2 1
github.com/loicalleyne/bufarrowlib/denorm.go:204.33,207.28 2 1
github.com/loicalleyne/bufarrowlib/denorm.go:207.28,208.59 1 1
github.com/loicalleyne/bufarrowlib/denorm.go:208.59,210.6 1 1
github.com/loicalleyne/bufarrowlib/denorm.go:213.9,215.4 1 1
github.com/loicalleyne/bufarrowlib/denorm.go:216.3,217.10 2 1
github.com/loicalleyne/bufarrowlib/denorm.go:217.10,221.4 3 1
github.com/loicalleyne/bufarrowlib/denorm.go:222.3,225.37 3 1
github.com/loicalleyne/bufarrowlib/denorm.go:225.37,227.4 1 1
github.com/loicalleyne/bufarrowlib/denorm.go:227.9,229.4 1 1
github.com/loicalleyne/bufarrowlib/denorm.go:230.3,230.16 1 1
github.com/loicalleyne/bufarrowlib/denorm.go:230.16,232.4 1 0
github.com/loicalleyne/bufarrowlib/denorm.go:233.3,238.4 1 1
github.com/loicalleyne/bufarrowlib/denorm.go:241.2,241.12 1 1
github.com/loicalleyne/bufarrowlib/denorm.go:252.60,253.25 1 1
github.com/loicalleyne/bufarrowlib/denorm.go:253.25,255.3 1 1
github.com/loicalleyne/bufarrowlib/denorm.go:257.2,258.16 2 1
github.com/loicalleyne/bufarrowlib/denorm.go:258.16,260.3 1 1
github.com/loicalleyne/bufarrowlib/denorm.go:262.2,267.40 3 1
github.com/loicalleyne/bufarrowlib/denorm.go:267.40,272.3 4 1
github.com/loicalleyne/bufarrowlib/denorm.go:273.2,279.29 5 1
github.com/loicalleyne/bufarrowlib/denorm.go:279.29,282.3 2 1
github.com/loicalleyne/bufarrowlib/denorm.go:283.2,283.26 1 1
github.com/loicalleyne/bufarrowlib/denorm.go:283.26,285.3 1 1
github.com/loicalleyne/bufarrowlib/denorm.go:288.2,288.32 1 1
github.com/loicalleyne/bufarrowlib/denorm.go:288.32,291.25 3 1
github.com/loicalleyne/bufarrowlib/denorm.go:291.25,294.4 2 1
github.com/loicalleyne/bufarrowlib/denorm.go:294.9,296.4 1 1
github.com/loicalleyne/bufarrowlib/denorm.go:300.2,301.32 2 1
github.com/loicalleyne/bufarrowlib/denorm.go:301.32,303.3 1 1
github.com/loicalleyne/bufarrowlib/denorm.go:304.2,304.20 1 1
github.com/loicalleyne/bufarrowlib/denorm.go:304.20,306.3 1 0
github.com/loicalleyne/bufarrowlib/denorm.go:309.2,310.32 2 1
github.com/loicalleyne/bufarrowlib/denorm.go:310.32,311.21 1 1
github.com/loicalleyne/bufarrowlib/denorm.go:311.21,312.56 1 1
github.com/loicalleyne/bufarrowlib/denorm.go:312.56,316.5 3 1
github.com/loicalleyne/bufarrowlib/denorm.go:321.2,321.27 1 1
github.com/loicalleyne/bufarrowlib/denorm.go:321.27,323.3 1 0
github.com/loicalleyne/bufarrowlib/denorm.go:326.2,326.39 1 1
github.com/loicalleyne/bufarrowlib/denorm.go:326.39,328.37 2 1
github.com/loicalleyne/bufarrowlib/denorm.go:328.37,331.4 2 1
github.com/loicalleyne/bufarrowlib/denorm.go:333.3,333.41 1 1
github.com/loicalleyne/bufarrowlib/denorm.go:333.41,334.24 1 1
github.com/loicalleyne/bufarrowlib/denorm.go:334.24,335.13 1 1
github.com/loicalleyne/bufarrowlib/denorm.go:337.4,339.29 3 1
github.com/loicalleyne/bufarrowlib/denorm.go:339.29,341.13 2 0
github.com/loicalleyne/bufarrowlib/denorm.go:343.4,344.21 2 1
github.com/loicalleyne/bufarrowlib/denorm.go:344.21,346.13 2 0
github.com/loicalleyne/bufarrowlib/denorm.go:349.4,349.37 1 1
github.com/loicalleyne/bufarrowlib/denorm.go:353.2,353.12 1 1
github.com/loicalleyne/bufarrowlib/hypertype.go:42.71,43.36 1 1
github.com/loicalleyne/bufarrowlib/hypertype.go:43.36,46.3 2 1
github.com/loicalleyne/bufarrowlib/hypertype.go:53.90,57.25 2 1
github.com/loicalleyne/bufarrowlib/hypertype.go:57.25,59.3 1 1
github.com/loicalleyne/bufarrowlib/hypertype.go:61.2,69.11 5 1
github.com/loicalleyne/bufarrowlib/hypertype.go:75.49,77.2 1 1
github.com/loicalleyne/bufarrowlib/hypertype.go:81.48,83.2 1 1
github.com/loicalleyne/bufarrowlib/hypertype.go:86.42,88.2 1 1
github.com/loicalleyne/bufarrowlib/hypertype.go:94.42,95.22 1 1
github.com/loicalleyne/bufarrowlib/hypertype.go:95.22,97.3 1 1
github.com/loicalleyne/bufarrowlib/hypertype.go:98.2,99.27 2 1
github.com/loicalleyne/bufarrowlib/hypertype.go:114.39,116.16 2 1
github.com/loicalleyne/bufarrowlib/hypertype.go:116.16,118.3 1 1
github.com/loicalleyne/bufarrowlib/hypertype.go:122.2,122.41 1 1
github.com/loicalleyne/bufarrowlib/hypertype.go:122.41,124.3 1 0
github.com/loicalleyne/bufarrowlib/hypertype.go:126.2,132.12 5 1
github.com/loicalleyne/bufarrowlib/hypertype.go:139.54,141.12 2 1
github.com/loicalleyne/bufarrowlib/hypertype.go:141.12,144.3 2 1
github.com/loicalleyne/bufarrowlib/hypertype.go:145.2,145.13 1 1
github.com/loicalleyne/bufarrowlib/node.go:66.54,67.20 1 1
github.com/loicalleyne/bufarrowlib/node.go:67.20,69.3 1 1
github.com/loicalleyne/bufarrowlib/node.go:70.2,70.38 1 1
github.com/loicalleyne/bufarrowlib/node.go:70.38,72.3 1 1
github.com/loicalleyne/bufarrowlib/node.go:72.8,72.27 1 1
github.com/loicalleyne/bufarrowlib/node.go:72.27,74.3 1 1
github.com/loicalleyne/bufarrowlib/node.go:74.8,76.3 1 0
github.com/loicalleyne/bufarrowlib/node.go:81.33,81.69 1 1
github.com/loicalleyne/bufarrowlib/node.go:86.104,87.17 1 1
github.com/loicalleyne/bufarrowlib/node.go:87.17,89.23 2 1
github.com/loicalleyne/bufarrowlib/node.go:89.23,91.4 1 1
github.com/loicalleyne/bufarrowlib/node.go:93.2,96.29 4 1
github.com/loicalleyne/bufarrowlib/node.go:96.29,98.41 2 1
github.com/loicalleyne/bufarrowlib/node.go:98.41,101.11 3 1
github.com/loicalleyne/bufarrowlib/node.go:101.11,102.86 1 0
github.com/loicalleyne/bufarrowlib/node.go:104.4,104.31 1 1
github.com/loicalleyne/bufarrowlib/node.go:104.31,105.13 1 0
github.com/loicalleyne/bufarrowlib/node.go:107.4,108.11 2 1
github.com/loicalleyne/bufarrowlib/node.go:109.21,113.21 4 1
github.com/loicalleyne/bufarrowlib/node.go:113.21,116.35 3 1
github.com/loicalleyne/bufarrowlib/node.go:116.35,124.7 1 1
github.com/loicalleyne/bufarrowlib/node.go:126.6,126.21 1 1
github.com/loicalleyne/bufarrowlib/node.go:128.20,129.31 1 0
github.com/loicalleyne/bufarrowlib/node.go:130.12,134.6 1 1
github.com/loicalleyne/bufarrowlib/node.go:137.3,137.27 1 1
github.com/loicalleyne/bufarrowlib/node.go:139.2,139.10 1 1
github.com/loicalleyne/bufarrowlib/node.go:145.47,154.36 5 1
github.com/loicalleyne/bufarrowlib/node.go:154.36,159.3 4 1
github.com/loicalleyne/bufarrowlib/node.go:160.2,165.16 3 1
github.com/loicalleyne/bufarrowlib/node.go:165.16,166.13 1 0
github.com/loicalleyne/bufarrowlib/node.go:168.2,170.39 2 1
github.com/loicalleyne/bufarrowlib/node.go:170.39,172.52 2 1
github.com/loicalleyne/bufarrowlib/node.go:172.52,174.4 1 1
github.com/loicalleyne/bufarrowlib/node.go:177.2,183.16 4 1
github.com/loicalleyne/bufarrowlib/node.go:183.16,184.13 1 0
github.com/loicalleyne/bufarrowlib/node.go:186.2,191.3 1 1
github.com/loicalleyne/bufarrowlib/node.go:208.47,210.37 2 1
github.com/loicalleyne/bufarrowlib/node.go:210.37,212.3 1 1
github.com/loicalleyne/bufarrowlib/node.go:213.2,213.15 1 1
github.com/loicalleyne/bufarrowlib/node.go:218.52,220.2 1 1
github.com/loicalleyne/bufarrowlib/node.go:224.54,226.2 1 1
github.com/loicalleyne/bufarrowlib/node.go:232.84,233.23 1 1
github.com/loicalleyne/bufarrowlib/node.go:233.23,234.20 1 1
github.com/loicalleyne/bufarrowlib/node.go:236.2,237.8 2 1
github.com/loicalleyne/bufarrowlib/node.go:237.8,239.3 1 1
github.com/loicalleyne/bufarrowlib/node.go:239.8,241.3 1 1
github.com/loicalleyne/bufarrowlib/node.go:242.2,252.25 3 1
github.com/loicalleyne/bufarrowlib/node.go:252.25,254.3 1 1
github.com/loicalleyne/bufarrowlib/node.go:256.2,256.40 1 1
github.com/loicalleyne/bufarrowlib/node.go:256.40,257.14 1 1
github.com/loicalleyne/bufarrowlib/node.go:258.26,261.44 3 1
github.com/loicalleyne/bufarrowlib/node.go:261.44,263.55 2 1
github.com/loicalleyne/bufarrowlib/node.go:263.55,264.22 1 1
github.com/loicalleyne/bufarrowlib/node.go:264.22,267.7 2 0
github.com/loicalleyne/bufarrowlib/node.go:268.6,270.20 3 1
github.com/loicalleyne/bufarrowlib/node.go:270.20,272.7 1 0
github.com/loicalleyne/bufarrowlib/node.go:273.6,274.16 2 1
github.com/loicalleyne/bufarrowlib/node.go:277.4,277.89 1 1
github.com/loicalleyne/bufarrowlib/node.go:277.89,278.22 1 1
github.com/loicalleyne/bufarrowlib/node.go:278.22,280.6 1 0
github.com/loicalleyne/bufarrowlib/node.go:281.5,283.46 3 1
github.com/loicalleyne/bufarrowlib/node.go:283.46,286.6 2 0
github.com/loicalleyne/bufarrowlib/node.go:286.11,288.6 1 1
github.com/loicalleyne/bufarrowlib/node.go:289.5,290.17 2 1
github.com/loicalleyne/bufarrowlib/node.go:293.3,293.26 1 1
github.com/loicalleyne/bufarrowlib/node.go:293.26,294.22 1 1
github.com/loicalleyne/bufarrowlib/node.go:294.22,297.45 3 0
github.com/loicalleyne/bufarrowlib/node.go:297.45,300.56 3 0
github.com/loicalleyne/bufarrowlib/node.go:300.56,301.23 1 0
github.com/loicalleyne/bufarrowlib/node.go:301.23,304.8 2 0
github.com/loicalleyne/bufarrowlib/node.go:305.7,307.39 3 0
github.com/loicalleyne/bufarrowlib/node.go:307.39,309.22 2 0
github.com/loicalleyne/bufarrowlib/node.go:309.22,311.9 1 0
github.com/loicalleyne/bufarrowlib/node.go:313.7,313.17 1 0
github.com/loicalleyne/bufarrowlib/node.go:317.4,317.12 1 1
github.com/loicalleyne/bufarrowlib/node.go:319.3,322.32 4 1
github.com/loicalleyne/bufarrowlib/node.go:322.32,327.4 4 1
github.com/loicalleyne/bufarrowlib/node.go:328.3,330.43 3 1
github.com/loicalleyne/bufarrowlib/node.go:330.43,333.30 3 1
github.com/loicalleyne/bufarrowlib/node.go:333.30,335.5 1 1
github.com/loicalleyne/bufarrowlib/node.go:336.4,336.54 1 1
github.com/loicalleyne/bufarrowlib/node.go:336.54,337.21 1 1
github.com/loicalleyne/bufarrowlib/node.go:337.21,340.6 2 0
github.com/loicalleyne/bufarrowlib/node.go:341.5,344.39 4 1
github.com/loicalleyne/bufarrowlib/node.go:344.39,346.20 2 1
github.com/loicalleyne/bufarrowlib/node.go:346.20,348.7 1 0
github.com/loicalleyne/bufarrowlib/node.go:350.5,350.15 1 1
github.com/loicalleyne/bufarrowlib/node.go:353.3,353.88 1 1
github.com/loicalleyne/bufarrowlib/node.go:353.88,355.41 2 1
github.com/loicalleyne/bufarrowlib/node.go:355.41,359.5 3 0
github.com/loicalleyne/bufarrowlib/node.go:360.4,362.38 3 1
github.com/loicalleyne/bufarrowlib/node.go:362.38,365.12 3 1
github.com/loicalleyne/bufarrowlib/node.go:365.12,366.89 1 0
github.com/loicalleyne/bufarrowlib/node.go:368.5,368.31 1 1
github.com/loicalleyne/bufarrowlib/node.go:368.31,369.14 1 1
github.com/loicalleyne/bufarrowlib/node.go:371.5,372.12 2 1
github.com/loicalleyne/bufarrowlib/node.go:373.22,376.22 3 1
github.com/loicalleyne/bufarrowlib/node.go:376.22,380.36 4 1
github.com/loicalleyne/bufarrowlib/node.go:380.36,384.8 1 1
github.com/loicalleyne/bufarrowlib/node.go:385.7,385.22 1 1
github.com/loicalleyne/bufarrowlib/node.go:387.21,388.32 1 0
github.com/loicalleyne/bufarrowlib/node.go:389.13,390.63 1 1
github.com/loicalleyne/bufarrowlib/node.go:393.4,393.16 1 1
github.com/loicalleyne/bufarrowlib/node.go:395.3,395.21 1 1
github.com/loicalleyne/bufarrowlib/node.go:395.21,398.44 3 1
github.com/loicalleyne/bufarrowlib/node.go:398.44,401.55 3 1
github.com/loicalleyne/bufarrowlib/node.go:401.55,402.22 1 1
github.com/loicalleyne/bufarrowlib/node.go:402.22,405.7 2 0
github.com/loicalleyne/bufarrowlib/node.go:406.6,408.38 3 1
github.com/loicalleyne/bufarrowlib/node.go:408.38,410.21 2 1
github.com/loicalleyne/bufarrowlib/node.go:410.21,412.8 1 0
github.com/loicalleyne/bufarrowlib/node.go:414.6,414.16 1 1
github.com/loicalleyne/bufarrowlib/node.go:418.3,418.37 1 1
github.com/loicalleyne/bufarrowlib/node.go:418.37,420.44 2 1
github.com/loicalleyne/bufarrowlib/node.go:420.44,422.55 2 1
github.com/loicalleyne/bufarrowlib/node.go:422.55,423.14 1 1
github.com/loicalleyne/bufarrowlib/node.go:423.14,426.7 2 1
github.com/loicalleyne/bufarrowlib/node.go:427.6,427.23 1 1
github.com/loicalleyne/bufarrowlib/node.go:431.3,431.11 1 1
github.com/loicalleyne/bufarrowlib/node.go:433.2,433.58 1 0
github.com/loicalleyne/bufarrowlib/node.go:438.39,440.2 1 1
github.com/loicalleyne/bufarrowlib/node.go:444.55,446.31 2 1
github.com/loicalleyne/bufarrowlib/node.go:446.31,448.3 1 1
github.com/loicalleyne/bufarrowlib/node.go:454.80,456.22 1 1
github.com/loicalleyne/bufarrowlib/node.go:457.29,460.43 2 1
github.com/loicalleyne/bufarrowlib/node.go:460.43,462.54 2 1
github.com/loicalleyne/bufarrowlib/node.go:462.54,465.5 2 1
github.com/loicalleyne/bufarrowlib/node.go:467.3,467.86 1 1
github.com/loicalleyne/bufarrowlib/node.go:467.86,473.4 1 0
github.com/loicalleyne/bufarrowlib/node.go:474.29,477.43 2 1
github.com/loicalleyne/bufarrowlib/node.go:477.43,479.54 2 1
github.com/loicalleyne/bufarrowlib/node.go:479.54,482.5 2 1
github.com/loicalleyne/bufarrowlib/node.go:484.3,484.86 1 1
github.com/loicalleyne/bufarrowlib/node.go:484.86,486.4 1 0
github.com/loicalleyne/bufarrowlib/node.go:487.82,489.43 2 1
github.com/loicalleyne/bufarrowlib/node.go:489.43,491.54 2 1
github.com/loicalleyne/bufarrowlib/node.go:491.54,494.5 2 1
github.com/loicalleyne/bufarrowlib/node.go:496.3,496.86 1 1
github.com/loicalleyne/bufarrowlib/node.go:496.86,498.4 1 1
github.com/loicalleyne/bufarrowlib/node.go:499.57,500.43 1 1
github.com/loicalleyne/bufarrowlib/node.go:500.43,502.54 2 1
github.com/loicalleyne/bufarrowlib/node.go:502.54,505.5 2 1
github.com/loicalleyne/bufarrowlib/node.go:507.3,508.86 2 1
github.com/loicalleyne/bufarrowlib/node.go:508.86,509.26 1 1
github.com/loicalleyne/bufarrowlib/node.go:510.23,511.51 1 1
github.com/loicalleyne/bufarrowlib/node.go:512.22,513.59 1 0
github.com/loicalleyne/bufarrowlib/node.go:514.22,515.59 1 0
github.com/loicalleyne/bufarrowlib/node.go:517.4,517.65 1 0
github.com/loicalleyne/bufarrowlib/node.go:519.82,520.43 1 1
github.com/loicalleyne/bufarrowlib/node.go:520.43,522.54 2 1
github.com/loicalleyne/bufarrowlib/node.go:522.54,525.5 2 1
github.com/loicalleyne/bufarrowlib/node.go:527.3,528.86 2 1
github.com/loicalleyne/bufarrowlib/node.go:528.86,530.4 1 1
github.com/loicalleyne/bufarrowlib/node.go:531.57,532.43 1 1
github.com/loicalleyne/bufarrowlib/node.go:532.43,534.54 2 1
github.com/loicalleyne/bufarrowlib/node.go:534.54,537.5 2 1
github.com/loicalleyne/bufarrowlib/node.go:539.3,540.86 2 1
github.com/loicalleyne/bufarrowlib/node.go:540.86,541.26 1 1
github.com/loicalleyne/bufarrowlib/node.go:542.23,543.51 1 1
github.com/loicalleyne/bufarrowlib/node.go:544.22,545.59 1 0
github.com/loicalleyne/bufarrowlib/node.go:547.4,547.65 1 0
github.com/loicalleyne/bufarrowlib/node.go:549.31,550.43 1 1
github.com/loicalleyne/bufarrowlib/node.go:550.43,552.54 2 1
github.com/loicalleyne/bufarrowlib/node.go:552.54,555.5 2 1
github.com/loicalleyne/bufarrowlib/node.go:557.3,558.86 2 1
github.com/loicalleyne/bufarrowlib/node.go:558.86,560.4 1 1
github.com/loicalleyne/bufarrowlib/node.go:561.30,562.43 1 1
github.com/loicalleyne/bufarrowlib/node.go:562.43,564.54 2 1
github.com/loicalleyne/bufarrowlib/node.go:564.54,567.5 2 1
github.com/loicalleyne/bufarrowlib/node.go:569.3,570.86 2 1
github.com/loicalleyne/bufarrowlib/node.go:570.86,572.4 1 0
github.com/loicalleyne/bufarrowlib/node.go:573.31,574.43 1 1
github.com/loicalleyne/bufarrowlib/node.go:574.43,576.54 2 1
github.com/loicalleyne/bufarrowlib/node.go:576.54,579.5 2 1
github.com/loicalleyne/bufarrowlib/node.go:581.3,582.86 2 1
github.com/loicalleyne/bufarrowlib/node.go:582.86,583.45 1 1
github.com/loicalleyne/bufarrowlib/node.go:583.45,588.5 2 0
github.com/loicalleyne/bufarrowlib/node.go:589.4,589.65 1 1
github.com/loicalleyne/bufarrowlib/node.go:591.30,592.43 1 1
github.com/loicalleyne/bufarrowlib/node.go:592.43,594.54 2 1
github.com/loicalleyne/bufarrowlib/node.go:594.54,595.21 1 1
github.com/loicalleyne/bufarrowlib/node.go:595.21,598.6 2 0
github.com/loicalleyne/bufarrowlib/node.go:599.5,600.15 2 1
github.com/loicalleyne/bufarrowlib/node.go:603.3,604.86 2 1
github.com/loicalleyne/bufarrowlib/node.go:604.86,605.45 1 0
github.com/loicalleyne/bufarrowlib/node.go:605.45,610.5 2 0
github.com/loicalleyne/bufarrowlib/node.go:611.4,611.64 1 0
github.com/loicalleyne/bufarrowlib/node.go:614.2,614.20 1 1
github.com/loicalleyne/bufarrowlib/node.go:614.20,615.15 1 1
github.com/loicalleyne/bufarrowlib/node.go:615.15,617.44 2 1
github.com/loicalleyne/bufarrowlib/node.go:617.44,620.55 3 1
github.com/loicalleyne/bufarrowlib/node.go:620.55,621.22 1 1
github.com/loicalleyne/bufarrowlib/node.go:621.22,624.7 2 0
github.com/loicalleyne/bufarrowlib/node.go:625.6,627.38 3 1
github.com/loicalleyne/bufarrowlib/node.go:627.38,629.21 2 1
github.com/loicalleyne/bufarrowlib/node.go:629.21,631.8 1 0
github.com/loicalleyne/bufarrowlib/node.go:633.6,633.16 1 1
github.com/loicalleyne/bufarrowlib/node.go:636.4,636.23 1 1
github.com/loicalleyne/bufarrowlib/node.go:639.2,639.48 1 1
github.com/loicalleyne/bufarrowlib/node.go:639.48,642.43 2 1
github.com/loicalleyne/bufarrowlib/node.go:642.43,644.54 2 1
github.com/loicalleyne/bufarrowlib/node.go:644.54,645.13 1 1
github.com/loicalleyne/bufarrowlib/node.go:645.13,648.6 2 1
github.com/loicalleyne/bufarrowlib/node.go:649.5,649.22 1 1
github.com/loicalleyne/bufarrowlib/node.go:654.2,654.19 1 1
github.com/loicalleyne/bufarrowlib/node.go:654.19,655.29 1 0
github.com/loicalleyne/bufarrowlib/node.go:657.2,657.8 1 1
github.com/loicalleyne/bufarrowlib/node.go:663.52,666.2 1 1
github.com/loicalleyne/bufarrowlib/parquet.go:16.46,18.2 1 1
github.com/loicalleyne/bufarrowlib/parquet.go:22.110,24.16 2 1
github.com/loicalleyne/bufarrowlib/parquet.go:24.16,26.3 1 0
github.com/loicalleyne/bufarrowlib/parquet.go:27.2,32.16 3 1
github.com/loicalleyne/bufarrowlib/parquet.go:32.16,34.3 1 0
github.com/loicalleyne/bufarrowlib/parquet.go:35.2,36.16 2 1
github.com/loicalleyne/bufarrowlib/parquet.go:36.16,38.3 1 0
github.com/loicalleyne/bufarrowlib/parquet.go:39.2,41.16 3 1
github.com/loicalleyne/bufarrowlib/parquet.go:41.16,43.3 1 0
github.com/loicalleyne/bufarrowlib/parquet.go:44.2,45.15 2 1
github.com/loicalleyne/bufarrowlib/parquet.go:49.53,53.2 3 1
github.com/loicalleyne/bufarrowlib/parquet.go:57.90,62.16 2 1
github.com/loicalleyne/bufarrowlib/parquet.go:62.16,64.3 1 0
github.com/loicalleyne/bufarrowlib/parquet.go:65.2,67.49 3 1
github.com/loicalleyne/bufarrowlib/parquet.go:67.49,68.26 1 1
github.com/loicalleyne/bufarrowlib/parquet.go:68.26,70.4 1 1
github.com/loicalleyne/bufarrowlib/parquet.go:71.3,73.17 3 1
github.com/loicalleyne/bufarrowlib/parquet.go:73.17,77.4 3 0
github.com/loicalleyne/bufarrowlib/parquet.go:78.3,78.14 1 1
github.com/loicalleyne/bufarrowlib/parquet.go:80.2,80.18 1 1
github.com/loicalleyne/bufarrowlib/proto.go:18.116,28.16 3 1
github.com/loicalleyne/bufarrowlib/proto.go:28.16,30.3 1 1
github.com/loicalleyne/bufarrowlib/proto.go:32.2,32.22 1 1
github.com/loicalleyne/bufarrowlib/proto.go:37.125,39.34 2 1
github.com/loicalleyne/bufarrowlib/proto.go:39.34,40.48 1 1
github.com/loicalleyne/bufarrowlib/proto.go:40.48,42.4 1 1
github.com/loicalleyne/bufarrowlib/proto.go:44.2,44.80 1 1
github.com/loicalleyne/bufarrowlib/proto.go:53.123,60.35 4 1
github.com/loicalleyne/bufarrowlib/proto.go:60.35,61.34 1 1
github.com/loicalleyne/bufarrowlib/proto.go:61.34,63.4 1 1
github.com/loicalleyne/bufarrowlib/proto.go:67.2,68.35 2 1
github.com/loicalleyne/bufarrowlib/proto.go:68.35,70.3 1 1
github.com/loicalleyne/bufarrowlib/proto.go:73.2,73.35 1 1
github.com/loicalleyne/bufarrowlib/proto.go:73.35,74.29 1 1
github.com/loicalleyne/bufarrowlib/proto.go:74.29,76.4 1 1
github.com/loicalleyne/bufarrowlib/proto.go:77.3,80.40 4 1
github.com/loicalleyne/bufarrowlib/proto.go:84.2,85.41 2 1
github.com/loicalleyne/bufarrowlib/proto.go:85.41,87.3 1 1
github.com/loicalleyne/bufarrowlib/proto.go:88.2,88.41 1 1
github.com/loicalleyne/bufarrowlib/proto.go:88.41,89.35 1 1
github.com/loicalleyne/bufarrowlib/proto.go:89.35,91.4 1 1
github.com/loicalleyne/bufarrowlib/proto.go:92.3,92.91 1 1
github.com/loicalleyne/bufarrowlib/proto.go:96.2,97.39 2 1
github.com/loicalleyne/bufarrowlib/proto.go:97.39,99.3 1 1
github.com/loicalleyne/bufarrowlib/proto.go:100.2,100.39 1 1
github.com/loicalleyne/bufarrowlib/proto.go:100.39,101.30 1 1
github.com/loicalleyne/bufarrowlib/proto.go:101.30,103.4 1 1
github.com/loicalleyne/bufarrowlib/proto.go:104.3,104.91 1 1
github.com/loicalleyne/bufarrowlib/proto.go:107.2,113.52 3 1
github.com/loicalleyne/bufarrowlib/proto.go:113.52,115.3 1 1
github.com/loicalleyne/bufarrowlib/proto.go:116.2,125.62 3 1
github.com/loicalleyne/bufarrowlib/proto.go:125.62,127.3 1 0
github.com/loicalleyne/bufarrowlib/proto.go:129.2,129.52 1 1
github.com/loicalleyne/bufarrowlib/proto.go:129.52,130.63 1 1
github.com/loicalleyne/bufarrowlib/proto.go:130.63,132.4 1 0
github.com/loicalleyne/bufarrowlib/proto.go:135.2,136.16 2 1
github.com/loicalleyne/bufarrowlib/proto.go:136.16,138.3 1 0
github.com/loicalleyne/bufarrowlib/proto.go:140.2,140.34 1 1
github.com/loicalleyne/bufarrowlib/typemap.go:38.75,39.19 1 1
github.com/loicalleyne/bufarrowlib/typemap.go:40.29,41.36 1 0
github.com/loicalleyne/bufarrowlib/typemap.go:42.29,43.39 1 1
github.com/loicalleyne/bufarrowlib/typemap.go:44.82,45.36 1 1
github.com/loicalleyne/bufarrowlib/typemap.go:46.57,47.37 1 1
github.com/loicalleyne/bufarrowlib/typemap.go:48.82,49.36 1 1
github.com/loicalleyne/bufarrowlib/typemap.go:50.57,51.37 1 1
github.com/loicalleyne/bufarrowlib/typemap.go:52.31,53.38 1 1
github.com/loicalleyne/bufarrowlib/typemap.go:54.30,55.38 1 1
github.com/loicalleyne/bufarrowlib/typemap.go:56.31,57.34 1 1
github.com/loicalleyne/bufarrowlib/typemap.go:58.30,59.34 1 1
github.com/loicalleyne/bufarrowlib/typemap.go:60.56,62.17 2 1
github.com/loicalleyne/bufarrowlib/typemap.go:62.17,64.4 1 0
github.com/loicalleyne/bufarrowlib/typemap.go:65.3,65.25 1 1
github.com/loicalleyne/bufarrowlib/typemap.go:67.36,68.73 1 1
github.com/loicalleyne/bufarrowlib/typemap.go:69.35,70.44 1 1
github.com/loicalleyne/bufarrowlib/typemap.go:71.36,72.35 1 1
github.com/loicalleyne/bufarrowlib/typemap.go:74.36,75.40 1 1
github.com/loicalleyne/bufarrowlib/typemap.go:76.37,77.37 1 1
github.com/loicalleyne/bufarrowlib/typemap.go:78.37,79.37 1 1
github.com/loicalleyne/bufarrowlib/typemap.go:80.38,81.38 1 1
github.com/loicalleyne/bufarrowlib/typemap.go:82.38,83.38 1 1
github.com/loicalleyne/bufarrowlib/typemap.go:84.37,85.39 1 1
github.com/loicalleyne/bufarrowlib/typemap.go:86.38,87.39 1 1
github.com/loicalleyne/bufarrowlib/typemap.go:88.38,89.35 1 1
github.com/loicalleyne/bufarrowlib/typemap.go:90.37,91.35 1 1
github.com/loicalleyne/bufarrowlib/typemap.go:93.27,94.39 1 1
github.com/loicalleyne/bufarrowlib/typemap.go:95.32,96.53 1 1
github.com/loicalleyne/bufarrowlib/typemap.go:99.56,100.35 1 1
github.com/loicalleyne/bufarrowlib/typemap.go:101.11,103.54 1 1
github.com/loicalleyne/bufarrowlib/typemap.go:103.54,105.5 1 0
github.com/loicalleyne/bufarrowlib/typemap.go:106.4,106.14 1 1
github.com/loicalleyne/bufarrowlib/typemap.go:109.2,109.12 1 0
github.com/loicalleyne/bufarrowlib/typemap.go:123.94,124.19 1 1
github.com/loicalleyne/bufarrowlib/typemap.go:125.29,127.37 2 0
github.com/loicalleyne/bufarrowlib/typemap.go:127.37,127.66 1 0
github.com/loicalleyne/bufarrowlib/typemap.go:128.29,130.37 2 1
github.com/loicalleyne/bufarrowlib/typemap.go:130.37,130.59 1 1
github.com/loicalleyne/bufarrowlib/typemap.go:131.82,133.37 2 1
github.com/loicalleyne/bufarrowlib/typemap.go:133.37,133.65 1 1
github.com/loicalleyne/bufarrowlib/typemap.go:134.57,136.37 2 1
github.com/loicalleyne/bufarrowlib/typemap.go:136.37,136.67 1 1
github.com/loicalleyne/bufarrowlib/typemap.go:137.82,139.37 2 1
github.com/loicalleyne/bufarrowlib/typemap.go:139.37,139.58 1 1
github.com/loicalleyne/bufarrowlib/typemap.go:140.57,142.37 2 1
github.com/loicalleyne/bufarrowlib/typemap.go:142.37,142.59 1 1
github.com/loicalleyne/bufarrowlib/typemap.go:143.31,145.37 2 1
github.com/loicalleyne/bufarrowlib/typemap.go:145.37,145.60 1 1
github.com/loicalleyne/bufarrowlib/typemap.go:146.30,148.37 2 1
github.com/loicalleyne/bufarrowlib/typemap.go:148.37,148.69 1 1
github.com/loicalleyne/bufarrowlib/typemap.go:149.31,151.37 2 1
github.com/loicalleyne/bufarrowlib/typemap.go:151.37,151.61 1 1
github.com/loicalleyne/bufarrowlib/typemap.go:152.30,154.37 2 1
github.com/loicalleyne/bufarrowlib/typemap.go:154.37,154.60 1 1
github.com/loicalleyne/bufarrowlib/typemap.go:155.56,157.17 2 1
github.com/loicalleyne/bufarrowlib/typemap.go:157.17,159.4 1 0
github.com/loicalleyne/bufarrowlib/typemap.go:160.3,160.25 1 1
github.com/loicalleyne/bufarrowlib/typemap.go:161.36,165.38 4 1
github.com/loicalleyne/bufarrowlib/typemap.go:165.38,170.5 4 1
github.com/loicalleyne/bufarrowlib/typemap.go:171.35,175.38 4 1
github.com/loicalleyne/bufarrowlib/typemap.go:175.38,180.5 4 1
github.com/loicalleyne/bufarrowlib/typemap.go:181.36,184.38 3 1
github.com/loicalleyne/bufarrowlib/typemap.go:184.38,187.26 3 1
github.com/loicalleyne/bufarrowlib/typemap.go:187.26,189.6 1 1
github.com/loicalleyne/bufarrowlib/typemap.go:190.5,190.39 1 1
github.com/loicalleyne/bufarrowlib/typemap.go:193.36,196.38 3 1
github.com/loicalleyne/bufarrowlib/typemap.go:196.38,196.81 1 1
github.com/loicalleyne/bufarrowlib/typemap.go:197.37,200.38 3 1
github.com/loicalleyne/bufarrowlib/typemap.go:200.38,200.87 1 1
github.com/loicalleyne/bufarrowlib/typemap.go:201.37,204.38 3 1
github.com/loicalleyne/bufarrowlib/typemap.go:204.38,204.80 1 1
github.com/loicalleyne/bufarrowlib/typemap.go:205.38,208.38 3 1
github.com/loicalleyne/bufarrowlib/typemap.go:208.38,208.89 1 1
github.com/loicalleyne/bufarrowlib/typemap.go:209.38,212.38 3 1
github.com/loicalleyne/bufarrowlib/typemap.go:212.38,212.81 1 1
github.com/loicalleyne/bufarrowlib/typemap.go:213.37,216.38 3 1
github.com/loicalleyne/bufarrowlib/typemap.go:216.38,216.91 1 1
github.com/loicalleyne/bufarrowlib/typemap.go:217.38,220.38 3 1
github.com/loicalleyne/bufarrowlib/typemap.go:220.38,220.82 1 1
github.com/loicalleyne/bufarrowlib/typemap.go:221.38,224.38 3 1
github.com/loicalleyne/bufarrowlib/typemap.go:224.38,224.83 1 1
github.com/loicalleyne/bufarrowlib/typemap.go:225.37,228.38 3 1
github.com/loicalleyne/bufarrowlib/typemap.go:228.38,228.82 1 1
github.com/loicalleyne/bufarrowlib/typemap.go:230.27,235.38 5 1
github.com/loicalleyne/bufarrowlib/typemap.go:235.38,241.5 5 1
github.com/loicalleyne/bufarrowlib/typemap.go:242.32,248.38 6 1
github.com/loicalleyne/bufarrowlib/typemap.go:248.38,256.5 7 1
github.com/loicalleyne/bufarrowlib/typemap.go:259.56,261.38 2 1
github.com/loicalleyne/bufarrowlib/typemap.go:261.38,263.19 2 1
github.com/loicalleyne/bufarrowlib/typemap.go:263.19,266.6 2 0
github.com/loicalleyne/bufarrowlib/typemap.go:267.5,267.25 1 1
github.com/loicalleyne/bufarrowlib/typemap.go:269.11,271.54 1 0
github.com/loicalleyne/bufarrowlib/typemap.go:271.54,273.39 2 0
github.com/loicalleyne/bufarrowlib/typemap.go:273.39,275.20 2 0
github.com/loicalleyne/bufarrowlib/typemap.go:275.20,278.7 2 0
github.com/loicalleyne/bufarrowlib/typemap.go:279.6,279.18 1 0
github.com/loicalleyne/bufarrowlib/typemap.go:282.4,282.14 1 0
github.com/loicalleyne/bufarrowlib/typemap.go:285.2,285.12 1 0
github.com/loicalleyne/bufarrowlib/typemap.go:292.57,294.2 1 1
github.com/loicalleyne/bufarrowlib/typemap.go:311.65,312.14 1 1
github.com/loicalleyne/bufarrowlib/typemap.go:313.29,314.39 1 1
github.com/loicalleyne/bufarrowlib/typemap.go:315.29,316.36 1 1
github.com/loicalleyne/bufarrowlib/typemap.go:317.82,318.36 1 1
github.com/loicalleyne/bufarrowlib/typemap.go:319.57,320.37 1 1
github.com/loicalleyne/bufarrowlib/typemap.go:321.82,322.36 1 1
github.com/loicalleyne/bufarrowlib/typemap.go:323.57,324.37 1 1
github.com/loicalleyne/bufarrowlib/typemap.go:325.30,326.38 1 1
github.com/loicalleyne/bufarrowlib/typemap.go:327.31,328.38 1 1
github.com/loicalleyne/bufarrowlib/typemap.go:329.31,330.34 1 1
github.com/loicalleyne/bufarrowlib/typemap.go:331.30,332.34 1 1
github.com/loicalleyne/bufarrowlib/typemap.go:333.10,334.13 1 1
github.com/loicalleyne/bufarrowlib/typemap.go:345.84,346.14 1 1
github.com/loicalleyne/bufarrowlib/typemap.go:347.29,349.37 2 1
github.com/loicalleyne/bufarrowlib/typemap.go:349.37,349.59 1 1
github.com/loicalleyne/bufarrowlib/typemap.go:350.29,352.37 2 1
github.com/loicalleyne/bufarrowlib/typemap.go:352.37,352.66 1 1
github.com/loicalleyne/bufarrowlib/typemap.go:353.82,355.37 2 1
github.com/loicalleyne/bufarrowlib/typemap.go:355.37,355.65 1 1
github.com/loicalleyne/bufarrowlib/typemap.go:356.57,358.37 2 1
github.com/loicalleyne/bufarrowlib/typemap.go:358.37,358.67 1 1
github.com/loicalleyne/bufarrowlib/typemap.go:359.82,361.37 2 1
github.com/loicalleyne/bufarrowlib/typemap.go:361.37,361.58 1 1
github.com/loicalleyne/bufarrowlib/typemap.go:362.57,364.37 2 1
github.com/loicalleyne/bufarrowlib/typemap.go:364.37,364.59 1 1
github.com/loicalleyne/bufarrowlib/typemap.go:365.30,367.37 2 1
github.com/loicalleyne/bufarrowlib/typemap.go:367.37,367.69 1 1
github.com/loicalleyne/bufarrowlib/typemap.go:368.31,370.37 2 1
github.com/loicalleyne/bufarrowlib/typemap.go:370.37,370.60 1 1
github.com/loicalleyne/bufarrowlib/typemap.go:371.31,373.37 2 1
github.com/loicalleyne/bufarrowlib/typemap.go:373.37,373.61 1 1
github.com/loicalleyne/bufarrowlib/typemap.go:374.30,376.37 2 1
github.com/loicalleyne/bufarrowlib/typemap.go:376.37,376.60 1 1
github.com/loicalleyne/bufarrowlib/typemap.go:377.10,378.13 1 1
github.com/loicalleyne/bufarrowlib/typemap.go:387.94,389.9 2 1
github.com/loicalleyne/bufarrowlib/typemap.go:389.9,391.3 1 1
github.com/loicalleyne/bufarrowlib/typemap.go:392.2,392.16 1 1
