mode: set
github.com/loicalleyne/bufarrowlib/proto/pbpath/access.go:20.26,20.53 1 1
github.com/loicalleyne/bufarrowlib/proto/pbpath/access.go:20.53,20.72 1 1
github.com/loicalleyne/bufarrowlib/proto/pbpath/access.go:30.80,32.26 2 1
github.com/loicalleyne/bufarrowlib/proto/pbpath/access.go:32.26,34.3 1 1
github.com/loicalleyne/bufarrowlib/proto/pbpath/access.go:36.2,43.29 3 1
github.com/loicalleyne/bufarrowlib/proto/pbpath/access.go:43.29,45.3 1 0
github.com/loicalleyne/bufarrowlib/proto/pbpath/access.go:46.2,48.17 3 1
github.com/loicalleyne/bufarrowlib/proto/pbpath/access.go:48.17,50.3 1 0
github.com/loicalleyne/bufarrowlib/proto/pbpath/access.go:52.2,55.30 3 1
github.com/loicalleyne/bufarrowlib/proto/pbpath/access.go:55.30,59.22 3 1
github.com/loicalleyne/bufarrowlib/proto/pbpath/access.go:60.24,61.56 1 1
github.com/loicalleyne/bufarrowlib/proto/pbpath/access.go:61.56,63.5 1 1
github.com/loicalleyne/bufarrowlib/proto/pbpath/access.go:64.4,65.11 2 1
github.com/loicalleyne/bufarrowlib/proto/pbpath/access.go:65.11,67.5 1 0
github.com/loicalleyne/bufarrowlib/proto/pbpath/access.go:68.4,70.19 3 1
github.com/loicalleyne/bufarrowlib/proto/pbpath/access.go:70.19,72.5 1 0
github.com/loicalleyne/bufarrowlib/proto/pbpath/access.go:73.4,73.30 1 1
github.com/loicalleyne/bufarrowlib/proto/pbpath/access.go:73.30,80.5 3 1
github.com/loicalleyne/bufarrowlib/proto/pbpath/access.go:81.4,81.18 1 1
github.com/loicalleyne/bufarrowlib/proto/pbpath/access.go:83.22,85.11 2 1
github.com/loicalleyne/bufarrowlib/proto/pbpath/access.go:85.11,87.5 1 0
github.com/loicalleyne/bufarrowlib/proto/pbpath/access.go:88.4,88.20 1 1
github.com/loicalleyne/bufarrowlib/proto/pbpath/access.go:88.20,90.5 1 0
github.com/loicalleyne/bufarrowlib/proto/pbpath/access.go:91.4,93.30 3 1
github.com/loicalleyne/bufarrowlib/proto/pbpath/access.go:93.30,97.21 4 1
github.com/loicalleyne/bufarrowlib/proto/pbpath/access.go:97.21,99.6 1 1
github.com/loicalleyne/bufarrowlib/proto/pbpath/access.go:100.5,100.47 1 1
github.com/loicalleyne/bufarrowlib/proto/pbpath/access.go:100.47,101.18 1 1
github.com/loicalleyne/bufarrowlib/proto/pbpath/access.go:101.18,103.7 1 1
github.com/loicalleyne/bufarrowlib/proto/pbpath/access.go:104.6,104.14 1 1
github.com/loicalleyne/bufarrowlib/proto/pbpath/access.go:107.5,112.7 3 1
github.com/loicalleyne/bufarrowlib/proto/pbpath/access.go:114.4,114.18 1 1
github.com/loicalleyne/bufarrowlib/proto/pbpath/access.go:116.21,118.11 2 1
github.com/loicalleyne/bufarrowlib/proto/pbpath/access.go:118.11,120.5 1 0
github.com/loicalleyne/bufarrowlib/proto/pbpath/access.go:121.4,121.19 1 1
github.com/loicalleyne/bufarrowlib/proto/pbpath/access.go:121.19,123.5 1 0
github.com/loicalleyne/bufarrowlib/proto/pbpath/access.go:124.4,124.30 1 1
github.com/loicalleyne/bufarrowlib/proto/pbpath/access.go:124.30,127.23 3 1
github.com/loicalleyne/bufarrowlib/proto/pbpath/access.go:127.23,129.6 1 1
github.com/loicalleyne/bufarrowlib/proto/pbpath/access.go:130.5,133.7 1 1
github.com/loicalleyne/bufarrowlib/proto/pbpath/access.go:135.4,136.18 2 1
github.com/loicalleyne/bufarrowlib/proto/pbpath/access.go:138.22,139.62 1 0
github.com/loicalleyne/bufarrowlib/proto/pbpath/access.go:139.62,141.5 1 0
github.com/loicalleyne/bufarrowlib/proto/pbpath/access.go:142.4,143.30 2 0
github.com/loicalleyne/bufarrowlib/proto/pbpath/access.go:143.30,149.5 2 0
github.com/loicalleyne/bufarrowlib/proto/pbpath/access.go:150.4,150.18 1 0
github.com/loicalleyne/bufarrowlib/proto/pbpath/access.go:152.25,154.11 2 1
github.com/loicalleyne/bufarrowlib/proto/pbpath/access.go:154.11,156.5 1 0
github.com/loicalleyne/bufarrowlib/proto/pbpath/access.go:157.4,157.20 1 1
github.com/loicalleyne/bufarrowlib/proto/pbpath/access.go:157.20,159.5 1 0
github.com/loicalleyne/bufarrowlib/proto/pbpath/access.go:160.4,161.30 2 1
github.com/loicalleyne/bufarrowlib/proto/pbpath/access.go:161.30,164.37 3 1
github.com/loicalleyne/bufarrowlib/proto/pbpath/access.go:164.37,171.6 3 1
github.com/loicalleyne/bufarrowlib/proto/pbpath/access.go:173.4,173.18 1 1
github.com/loicalleyne/bufarrowlib/proto/pbpath/access.go:175.22,177.11 2 1
github.com/loicalleyne/bufarrowlib/proto/pbpath/access.go:177.11,179.5 1 0
github.com/loicalleyne/bufarrowlib/proto/pbpath/access.go:180.4,180.20 1 1
github.com/loicalleyne/bufarrowlib/proto/pbpath/access.go:180.20,182.5 1 0
github.com/loicalleyne/bufarrowlib/proto/pbpath/access.go:183.4,185.19 3 1
github.com/loicalleyne/bufarrowlib/proto/pbpath/access.go:185.19,187.5 1 0
github.com/loicalleyne/bufarrowlib/proto/pbpath/access.go:188.4,188.30 1 1
github.com/loicalleyne/bufarrowlib/proto/pbpath/access.go:188.30,195.28 5 1
github.com/loicalleyne/bufarrowlib/proto/pbpath/access.go:195.28,196.20 1 1
github.com/loicalleyne/bufarrowlib/proto/pbpath/access.go:196.20,198.7 1 1
github.com/loicalleyne/bufarrowlib/proto/pbpath/access.go:198.12,200.7 1 1
github.com/loicalleyne/bufarrowlib/proto/pbpath/access.go:201.11,203.19 2 1
github.com/loicalleyne/bufarrowlib/proto/pbpath/access.go:203.19,205.7 1 1
github.com/loicalleyne/bufarrowlib/proto/pbpath/access.go:209.5,210.26 2 1
github.com/loicalleyne/bufarrowlib/proto/pbpath/access.go:210.26,211.20 1 1
github.com/loicalleyne/bufarrowlib/proto/pbpath/access.go:211.20,213.7 1 1
github.com/loicalleyne/bufarrowlib/proto/pbpath/access.go:213.12,215.7 1 1
github.com/loicalleyne/bufarrowlib/proto/pbpath/access.go:216.11,218.17 2 1
github.com/loicalleyne/bufarrowlib/proto/pbpath/access.go:218.17,220.7 1 1
github.com/loicalleyne/bufarrowlib/proto/pbpath/access.go:224.5,224.19 1 1
github.com/loicalleyne/bufarrowlib/proto/pbpath/access.go:224.19,225.19 1 1
github.com/loicalleyne/bufarrowlib/proto/pbpath/access.go:225.19,226.19 1 0
github.com/loicalleyne/bufarrowlib/proto/pbpath/access.go:226.19,228.8 1 0
github.com/loicalleyne/bufarrowlib/proto/pbpath/access.go:229.7,229.16 1 0
github.com/loicalleyne/bufarrowlib/proto/pbpath/access.go:231.6,231.24 1 1
github.com/loicalleyne/bufarrowlib/proto/pbpath/access.go:231.24,232.19 1 1
github.com/loicalleyne/bufarrowlib/proto/pbpath/access.go:232.19,234.8 1 0
github.com/loicalleyne/bufarrowlib/proto/pbpath/access.go:235.7,235.21 1 1
github.com/loicalleyne/bufarrowlib/proto/pbpath/access.go:237.6,237.22 1 1
github.com/loicalleyne/bufarrowlib/proto/pbpath/access.go:237.22,238.19 1 1
github.com/loicalleyne/bufarrowlib/proto/pbpath/access.go:238.19,240.8 1 0
github.com/loicalleyne/bufarrowlib/proto/pbpath/access.go:241.7,241.19 1 1
github.com/loicalleyne/bufarrowlib/proto/pbpath/access.go:243.6,243.43 1 1
github.com/loicalleyne/bufarrowlib/proto/pbpath/access.go:243.43,250.7 3 1
github.com/loicalleyne/bufarrowlib/proto/pbpath/access.go:251.11,253.25 1 1
github.com/loicalleyne/bufarrowlib/proto/pbpath/access.go:253.25,254.19 1 0
github.com/loicalleyne/bufarrowlib/proto/pbpath/access.go:254.19,256.8 1 0
github.com/loicalleyne/bufarrowlib/proto/pbpath/access.go:257.7,257.25 1 0
github.com/loicalleyne/bufarrowlib/proto/pbpath/access.go:259.6,259.20 1 1
github.com/loicalleyne/bufarrowlib/proto/pbpath/access.go:259.20,261.7 1 0
github.com/loicalleyne/bufarrowlib/proto/pbpath/access.go:263.6,263.29 1 1
github.com/loicalleyne/bufarrowlib/proto/pbpath/access.go:263.29,265.7 1 0
github.com/loicalleyne/bufarrowlib/proto/pbpath/access.go:266.6,266.53 1 1
github.com/loicalleyne/bufarrowlib/proto/pbpath/access.go:266.53,273.7 3 1
github.com/loicalleyne/bufarrowlib/proto/pbpath/access.go:276.4,276.18 1 1
github.com/loicalleyne/bufarrowlib/proto/pbpath/access.go:278.17,279.74 1 1
github.com/loicalleyne/bufarrowlib/proto/pbpath/access.go:280.26,281.56 1 0
github.com/loicalleyne/bufarrowlib/proto/pbpath/access.go:282.11,283.74 1 0
github.com/loicalleyne/bufarrowlib/proto/pbpath/access.go:286.3,286.37 1 1
github.com/loicalleyne/bufarrowlib/proto/pbpath/access.go:286.37,289.4 1 1
github.com/loicalleyne/bufarrowlib/proto/pbpath/access.go:291.2,291.21 1 1
github.com/loicalleyne/bufarrowlib/proto/pbpath/expr.go:50.32,52.2 1 1
github.com/loicalleyne/bufarrowlib/proto/pbpath/expr.go:54.42,54.69 1 1
github.com/loicalleyne/bufarrowlib/proto/pbpath/expr.go:55.51,55.63 1 1
github.com/loicalleyne/bufarrowlib/proto/pbpath/expr.go:56.52,56.66 1 0
github.com/loicalleyne/bufarrowlib/proto/pbpath/expr.go:58.68,60.28 2 1
github.com/loicalleyne/bufarrowlib/proto/pbpath/expr.go:60.28,62.3 1 0
github.com/loicalleyne/bufarrowlib/proto/pbpath/expr.go:63.2,63.24 1 1
github.com/loicalleyne/bufarrowlib/proto/pbpath/expr.go:158.51,158.71 1 1
github.com/loicalleyne/bufarrowlib/proto/pbpath/expr.go:159.52,159.69 1 0
github.com/loicalleyne/bufarrowlib/proto/pbpath/expr.go:161.42,163.29 2 1
github.com/loicalleyne/bufarrowlib/proto/pbpath/expr.go:163.29,165.3 1 1
github.com/loicalleyne/bufarrowlib/proto/pbpath/expr.go:166.2,166.14 1 1
github.com/loicalleyne/bufarrowlib/proto/pbpath/expr.go:173.42,175.2 1 1
github.com/loicalleyne/bufarrowlib/proto/pbpath/expr.go:178.50,180.2 1 1
github.com/loicalleyne/bufarrowlib/proto/pbpath/expr.go:185.47,187.2 1 1
github.com/loicalleyne/bufarrowlib/proto/pbpath/expr.go:192.67,194.2 1 0
github.com/loicalleyne/bufarrowlib/proto/pbpath/expr.go:198.31,200.2 1 1
github.com/loicalleyne/bufarrowlib/proto/pbpath/expr.go:204.31,206.2 1 1
github.com/loicalleyne/bufarrowlib/proto/pbpath/expr.go:210.30,212.2 1 1
github.com/loicalleyne/bufarrowlib/proto/pbpath/expr.go:215.30,217.2 1 1
github.com/loicalleyne/bufarrowlib/proto/pbpath/expr.go:220.30,222.2 1 1
github.com/loicalleyne/bufarrowlib/proto/pbpath/expr.go:226.30,228.2 1 1
github.com/loicalleyne/bufarrowlib/proto/pbpath/expr.go:232.30,234.2 1 1
github.com/loicalleyne/bufarrowlib/proto/pbpath/expr.go:238.52,240.2 1 1
github.com/loicalleyne/bufarrowlib/proto/pbpath/expr.go:246.29,248.2 1 1
github.com/loicalleyne/bufarrowlib/proto/pbpath/expr.go:251.29,253.2 1 1
github.com/loicalleyne/bufarrowlib/proto/pbpath/expr.go:256.29,258.2 1 1
github.com/loicalleyne/bufarrowlib/proto/pbpath/expr.go:261.29,263.2 1 1
github.com/loicalleyne/bufarrowlib/proto/pbpath/expr.go:266.29,268.2 1 1
github.com/loicalleyne/bufarrowlib/proto/pbpath/expr.go:271.29,273.2 1 1
github.com/loicalleyne/bufarrowlib/proto/pbpath/expr.go:279.33,281.2 1 1
github.com/loicalleyne/bufarrowlib/proto/pbpath/expr.go:285.33,287.2 1 1
github.com/loicalleyne/bufarrowlib/proto/pbpath/expr.go:291.32,293.2 1 1
github.com/loicalleyne/bufarrowlib/proto/pbpath/expr.go:298.53,300.2 1 1
github.com/loicalleyne/bufarrowlib/proto/pbpath/expr.go:305.53,307.2 1 1
github.com/loicalleyne/bufarrowlib/proto/pbpath/expr.go:313.31,315.2 1 1
github.com/loicalleyne/bufarrowlib/proto/pbpath/expr.go:319.32,321.2 1 1
github.com/loicalleyne/bufarrowlib/proto/pbpath/expr.go:325.33,327.2 1 1
github.com/loicalleyne/bufarrowlib/proto/pbpath/expr.go:331.33,333.2 1 1
github.com/loicalleyne/bufarrowlib/proto/pbpath/expr.go:337.30,339.2 1 1
github.com/loicalleyne/bufarrowlib/proto/pbpath/expr.go:343.30,345.2 1 1
github.com/loicalleyne/bufarrowlib/proto/pbpath/expr.go:352.35,354.2 1 1
github.com/loicalleyne/bufarrowlib/proto/pbpath/expr.go:359.37,361.2 1 1
github.com/loicalleyne/bufarrowlib/proto/pbpath/expr.go:365.38,367.2 1 1
github.com/loicalleyne/bufarrowlib/proto/pbpath/expr.go:379.51,381.2 1 1
github.com/loicalleyne/bufarrowlib/proto/pbpath/expr.go:386.54,388.2 1 1
github.com/loicalleyne/bufarrowlib/proto/pbpath/expr.go:396.37,398.2 1 1
github.com/loicalleyne/bufarrowlib/proto/pbpath/expr.go:402.39,404.2 1 1
github.com/loicalleyne/bufarrowlib/proto/pbpath/expr.go:408.40,410.2 1 1
github.com/loicalleyne/bufarrowlib/proto/pbpath/expr.go:414.38,416.2 1 1
github.com/loicalleyne/bufarrowlib/proto/pbpath/expr.go:420.39,422.2 1 1
github.com/loicalleyne/bufarrowlib/proto/pbpath/expr.go:426.41,428.2 1 1
github.com/loicalleyne/bufarrowlib/proto/pbpath/expr.go:432.41,434.2 1 1
github.com/loicalleyne/bufarrowlib/proto/pbpath/expr.go:440.38,442.2 1 1
github.com/loicalleyne/bufarrowlib/proto/pbpath/expr.go:448.39,450.2 1 1
github.com/loicalleyne/bufarrowlib/proto/pbpath/expr.go:456.49,458.2 1 1
github.com/loicalleyne/bufarrowlib/proto/pbpath/expr.go:462.44,464.2 1 1
github.com/loicalleyne/bufarrowlib/proto/pbpath/expr.go:469.74,470.20 1 1
github.com/loicalleyne/bufarrowlib/proto/pbpath/expr.go:470.20,472.3 1 1
github.com/loicalleyne/bufarrowlib/proto/pbpath/expr.go:473.2,480.3 1 1
github.com/loicalleyne/bufarrowlib/proto/pbpath/expr.go:486.57,494.2 1 1
github.com/loicalleyne/bufarrowlib/proto/pbpath/expr.go:500.36,502.2 1 1
github.com/loicalleyne/bufarrowlib/proto/pbpath/expr.go:506.31,508.2 1 1
github.com/loicalleyne/bufarrowlib/proto/pbpath/expr.go:513.36,515.2 1 1
github.com/loicalleyne/bufarrowlib/proto/pbpath/expr.go:520.50,522.2 1 1
github.com/loicalleyne/bufarrowlib/proto/pbpath/expr.go:534.45,536.2 1 1
github.com/loicalleyne/bufarrowlib/proto/pbpath/expr.go:542.30,544.2 1 1
github.com/loicalleyne/bufarrowlib/proto/pbpath/expr.go:549.29,551.2 1 1
github.com/loicalleyne/bufarrowlib/proto/pbpath/expr.go:556.31,558.2 1 1
github.com/loicalleyne/bufarrowlib/proto/pbpath/expr.go:578.81,580.2 1 1
github.com/loicalleyne/bufarrowlib/proto/pbpath/expr.go:582.58,582.72 1 0
github.com/loicalleyne/bufarrowlib/proto/pbpath/expr.go:583.57,583.69 1 0
github.com/loicalleyne/bufarrowlib/proto/pbpath/expr.go:584.58,584.72 1 0
github.com/loicalleyne/bufarrowlib/proto/pbpath/expr.go:593.74,594.61 1 1
github.com/loicalleyne/bufarrowlib/proto/pbpath/expr.go:594.61,596.3 1 0
github.com/loicalleyne/bufarrowlib/proto/pbpath/expr.go:597.2,598.61 2 1
github.com/loicalleyne/bufarrowlib/proto/pbpath/expr.go:598.61,600.3 1 0
github.com/loicalleyne/bufarrowlib/proto/pbpath/expr.go:601.2,603.30 2 1
github.com/loicalleyne/bufarrowlib/proto/pbpath/expr.go:603.30,605.27 2 1
github.com/loicalleyne/bufarrowlib/proto/pbpath/expr.go:605.27,608.4 1 1
github.com/loicalleyne/bufarrowlib/proto/pbpath/expr.go:610.3,610.26 1 1
github.com/loicalleyne/bufarrowlib/proto/pbpath/expr.go:610.26,612.4 1 0
github.com/loicalleyne/bufarrowlib/proto/pbpath/expr.go:613.3,613.22 1 1
github.com/loicalleyne/bufarrowlib/proto/pbpath/expr.go:615.2,615.15 1 0
github.com/loicalleyne/bufarrowlib/proto/pbpath/expr.go:629.54,631.2 1 1
github.com/loicalleyne/bufarrowlib/proto/pbpath/expr.go:633.55,633.69 1 0
github.com/loicalleyne/bufarrowlib/proto/pbpath/expr.go:634.56,634.76 1 0
github.com/loicalleyne/bufarrowlib/proto/pbpath/expr.go:635.57,635.71 1 0
github.com/loicalleyne/bufarrowlib/proto/pbpath/expr.go:636.54,636.70 1 1
github.com/loicalleyne/bufarrowlib/proto/pbpath/expr.go:640.43,641.23 1 1
github.com/loicalleyne/bufarrowlib/proto/pbpath/expr.go:642.17,643.24 1 1
github.com/loicalleyne/bufarrowlib/proto/pbpath/expr.go:644.17,646.30 2 1
github.com/loicalleyne/bufarrowlib/proto/pbpath/expr.go:646.30,648.4 1 1
github.com/loicalleyne/bufarrowlib/proto/pbpath/expr.go:649.3,649.13 1 1
github.com/loicalleyne/bufarrowlib/proto/pbpath/expr.go:650.10,651.13 1 1
github.com/loicalleyne/bufarrowlib/proto/pbpath/func.go:17.68,18.16 1 1
github.com/loicalleyne/bufarrowlib/proto/pbpath/func.go:19.20,20.48 1 1
github.com/loicalleyne/bufarrowlib/proto/pbpath/func.go:21.19,22.47 1 1
github.com/loicalleyne/bufarrowlib/proto/pbpath/func.go:23.16,24.44 1 1
github.com/loicalleyne/bufarrowlib/proto/pbpath/func.go:25.15,26.43 1 1
github.com/loicalleyne/bufarrowlib/proto/pbpath/func.go:27.15,28.43 1 1
github.com/loicalleyne/bufarrowlib/proto/pbpath/func.go:29.15,30.54 1 1
github.com/loicalleyne/bufarrowlib/proto/pbpath/func.go:31.15,32.54 1 1
github.com/loicalleyne/bufarrowlib/proto/pbpath/func.go:33.15,34.54 1 1
github.com/loicalleyne/bufarrowlib/proto/pbpath/func.go:35.15,36.54 1 1
github.com/loicalleyne/bufarrowlib/proto/pbpath/func.go:37.15,38.54 1 1
github.com/loicalleyne/bufarrowlib/proto/pbpath/func.go:39.18,40.46 1 1
github.com/loicalleyne/bufarrowlib/proto/pbpath/func.go:42.54,43.47 1 1
github.com/loicalleyne/bufarrowlib/proto/pbpath/func.go:45.17,46.68 1 1
github.com/loicalleyne/bufarrowlib/proto/pbpath/func.go:47.17,48.68 1 1
github.com/loicalleyne/bufarrowlib/proto/pbpath/func.go:49.16,50.70 1 1
github.com/loicalleyne/bufarrowlib/proto/pbpath/func.go:51.22,52.67 1 1
github.com/loicalleyne/bufarrowlib/proto/pbpath/func.go:53.22,54.67 1 1
github.com/loicalleyne/bufarrowlib/proto/pbpath/func.go:56.15,57.58 1 1
github.com/loicalleyne/bufarrowlib/proto/pbpath/func.go:58.16,59.59 1 1
github.com/loicalleyne/bufarrowlib/proto/pbpath/func.go:60.17,61.60 1 1
github.com/loicalleyne/bufarrowlib/proto/pbpath/func.go:62.17,63.60 1 1
github.com/loicalleyne/bufarrowlib/proto/pbpath/func.go:64.15,65.52 1 1
github.com/loicalleyne/bufarrowlib/proto/pbpath/func.go:66.15,67.53 1 1
github.com/loicalleyne/bufarrowlib/proto/pbpath/func.go:69.19,70.47 1 1
github.com/loicalleyne/bufarrowlib/proto/pbpath/func.go:71.21,72.49 1 1
github.com/loicalleyne/bufarrowlib/proto/pbpath/func.go:73.22,74.50 1 1
github.com/loicalleyne/bufarrowlib/proto/pbpath/func.go:76.20,77.55 1 1
github.com/loicalleyne/bufarrowlib/proto/pbpath/func.go:78.23,79.54 1 1
github.com/loicalleyne/bufarrowlib/proto/pbpath/func.go:80.15,81.43 1 1
github.com/loicalleyne/bufarrowlib/proto/pbpath/func.go:83.57,84.47 1 1
github.com/loicalleyne/bufarrowlib/proto/pbpath/func.go:86.16,87.44 1 1
github.com/loicalleyne/bufarrowlib/proto/pbpath/func.go:88.23,89.51 1 1
github.com/loicalleyne/bufarrowlib/proto/pbpath/func.go:90.20,91.48 1 1
github.com/loicalleyne/bufarrowlib/proto/pbpath/func.go:92.18,93.46 1 1
github.com/loicalleyne/bufarrowlib/proto/pbpath/func.go:94.16,95.44 1 1
github.com/loicalleyne/bufarrowlib/proto/pbpath/func.go:96.18,97.46 1 1
github.com/loicalleyne/bufarrowlib/proto/pbpath/func.go:98.20,99.48 1 1
github.com/loicalleyne/bufarrowlib/proto/pbpath/func.go:100.15,101.43 1 1
github.com/loicalleyne/bufarrowlib/proto/pbpath/func.go:102.20,103.48 1 1
github.com/loicalleyne/bufarrowlib/proto/pbpath/func.go:104.22,105.50 1 1
github.com/loicalleyne/bufarrowlib/proto/pbpath/func.go:107.18,108.46 1 1
github.com/loicalleyne/bufarrowlib/proto/pbpath/func.go:109.15,110.43 1 1
github.com/loicalleyne/bufarrowlib/proto/pbpath/func.go:111.14,112.42 1 1
github.com/loicalleyne/bufarrowlib/proto/pbpath/func.go:113.15,114.43 1 1
github.com/loicalleyne/bufarrowlib/proto/pbpath/func.go:115.10,116.17 1 0
github.com/loicalleyne/bufarrowlib/proto/pbpath/func.go:126.60,127.29 1 1
github.com/loicalleyne/bufarrowlib/proto/pbpath/func.go:127.29,129.24 2 1
github.com/loicalleyne/bufarrowlib/proto/pbpath/func.go:129.24,131.4 1 1
github.com/loicalleyne/bufarrowlib/proto/pbpath/func.go:133.2,133.16 1 1
github.com/loicalleyne/bufarrowlib/proto/pbpath/func.go:140.59,142.23 2 1
github.com/loicalleyne/bufarrowlib/proto/pbpath/func.go:142.23,144.3 1 1
github.com/loicalleyne/bufarrowlib/proto/pbpath/func.go:145.2,145.18 1 1
github.com/loicalleyne/bufarrowlib/proto/pbpath/func.go:151.56,153.26 2 1
github.com/loicalleyne/bufarrowlib/proto/pbpath/func.go:153.26,155.3 1 1
github.com/loicalleyne/bufarrowlib/proto/pbpath/func.go:156.2,156.31 1 1
github.com/loicalleyne/bufarrowlib/proto/pbpath/func.go:162.55,165.2 2 1
github.com/loicalleyne/bufarrowlib/proto/pbpath/func.go:171.55,173.16 2 1
github.com/loicalleyne/bufarrowlib/proto/pbpath/func.go:173.16,175.3 1 0
github.com/loicalleyne/bufarrowlib/proto/pbpath/func.go:177.2,177.24 1 1
github.com/loicalleyne/bufarrowlib/proto/pbpath/func.go:177.24,179.3 1 0
github.com/loicalleyne/bufarrowlib/proto/pbpath/func.go:181.2,181.26 1 1
github.com/loicalleyne/bufarrowlib/proto/pbpath/func.go:181.26,182.47 1 1
github.com/loicalleyne/bufarrowlib/proto/pbpath/func.go:183.26,184.42 1 0
github.com/loicalleyne/bufarrowlib/proto/pbpath/func.go:185.25,186.42 1 0
github.com/loicalleyne/bufarrowlib/proto/pbpath/func.go:187.15,188.41 1 1
github.com/loicalleyne/bufarrowlib/proto/pbpath/func.go:189.15,190.41 1 0
github.com/loicalleyne/bufarrowlib/proto/pbpath/func.go:193.2,193.23 1 0
github.com/loicalleyne/bufarrowlib/proto/pbpath/func.go:206.70,209.30 3 1
github.com/loicalleyne/bufarrowlib/proto/pbpath/func.go:209.30,211.3 1 0
github.com/loicalleyne/bufarrowlib/proto/pbpath/func.go:213.2,216.22 3 1
github.com/loicalleyne/bufarrowlib/proto/pbpath/func.go:216.22,218.3 1 1
github.com/loicalleyne/bufarrowlib/proto/pbpath/func.go:221.2,223.18 3 1
github.com/loicalleyne/bufarrowlib/proto/pbpath/func.go:223.18,225.3 1 0
github.com/loicalleyne/bufarrowlib/proto/pbpath/func.go:226.2,226.40 1 1
github.com/loicalleyne/bufarrowlib/proto/pbpath/func.go:230.47,231.12 1 1
github.com/loicalleyne/bufarrowlib/proto/pbpath/func.go:232.15,233.28 1 1
github.com/loicalleyne/bufarrowlib/proto/pbpath/func.go:234.15,235.28 1 1
github.com/loicalleyne/bufarrowlib/proto/pbpath/func.go:236.15,237.28 1 1
github.com/loicalleyne/bufarrowlib/proto/pbpath/func.go:238.15,239.13 1 1
github.com/loicalleyne/bufarrowlib/proto/pbpath/func.go:239.13,241.4 1 1
github.com/loicalleyne/bufarrowlib/proto/pbpath/func.go:242.3,242.28 1 1
github.com/loicalleyne/bufarrowlib/proto/pbpath/func.go:243.15,244.13 1 1
github.com/loicalleyne/bufarrowlib/proto/pbpath/func.go:244.13,246.4 1 1
github.com/loicalleyne/bufarrowlib/proto/pbpath/func.go:247.3,247.28 1 1
github.com/loicalleyne/bufarrowlib/proto/pbpath/func.go:248.10,249.17 1 0
github.com/loicalleyne/bufarrowlib/proto/pbpath/func.go:254.51,255.12 1 1
github.com/loicalleyne/bufarrowlib/proto/pbpath/func.go:256.15,257.30 1 1
github.com/loicalleyne/bufarrowlib/proto/pbpath/func.go:258.15,259.30 1 1
github.com/loicalleyne/bufarrowlib/proto/pbpath/func.go:260.15,261.30 1 1
github.com/loicalleyne/bufarrowlib/proto/pbpath/func.go:262.15,263.13 1 1
github.com/loicalleyne/bufarrowlib/proto/pbpath/func.go:263.13,265.4 1 1
github.com/loicalleyne/bufarrowlib/proto/pbpath/func.go:266.3,266.30 1 1
github.com/loicalleyne/bufarrowlib/proto/pbpath/func.go:267.15,268.13 1 1
github.com/loicalleyne/bufarrowlib/proto/pbpath/func.go:268.13,270.4 1 1
github.com/loicalleyne/bufarrowlib/proto/pbpath/func.go:271.3,271.39 1 1
github.com/loicalleyne/bufarrowlib/proto/pbpath/func.go:272.10,273.17 1 1
github.com/loicalleyne/bufarrowlib/proto/pbpath/func.go:281.58,283.29 2 1
github.com/loicalleyne/bufarrowlib/proto/pbpath/func.go:283.29,284.33 1 1
github.com/loicalleyne/bufarrowlib/proto/pbpath/func.go:284.33,286.4 1 1
github.com/loicalleyne/bufarrowlib/proto/pbpath/func.go:287.3,288.18 2 1
github.com/loicalleyne/bufarrowlib/proto/pbpath/func.go:288.18,290.4 1 1
github.com/loicalleyne/bufarrowlib/proto/pbpath/func.go:292.2,292.33 1 1
github.com/loicalleyne/bufarrowlib/proto/pbpath/func.go:300.52,301.30 1 1
github.com/loicalleyne/bufarrowlib/proto/pbpath/func.go:301.30,303.3 1 1
github.com/loicalleyne/bufarrowlib/proto/pbpath/func.go:305.2,307.28 3 1
github.com/loicalleyne/bufarrowlib/proto/pbpath/func.go:307.28,309.3 1 0
github.com/loicalleyne/bufarrowlib/proto/pbpath/func.go:312.2,314.22 3 1
github.com/loicalleyne/bufarrowlib/proto/pbpath/func.go:314.22,315.10 1 1
github.com/loicalleyne/bufarrowlib/proto/pbpath/func.go:316.20,317.19 1 1
github.com/loicalleyne/bufarrowlib/proto/pbpath/func.go:318.20,319.18 1 1
github.com/loicalleyne/bufarrowlib/proto/pbpath/func.go:320.11,321.18 1 1
github.com/loicalleyne/bufarrowlib/proto/pbpath/func.go:326.2,328.24 3 1
github.com/loicalleyne/bufarrowlib/proto/pbpath/func.go:328.24,330.12 2 1
github.com/loicalleyne/bufarrowlib/proto/pbpath/func.go:330.12,332.4 1 0
github.com/loicalleyne/bufarrowlib/proto/pbpath/func.go:333.3,333.12 1 1
github.com/loicalleyne/bufarrowlib/proto/pbpath/func.go:333.12,335.4 1 1
github.com/loicalleyne/bufarrowlib/proto/pbpath/func.go:336.3,336.10 1 1
github.com/loicalleyne/bufarrowlib/proto/pbpath/func.go:337.16,338.19 1 1
github.com/loicalleyne/bufarrowlib/proto/pbpath/func.go:339.16,340.18 1 0
github.com/loicalleyne/bufarrowlib/proto/pbpath/func.go:341.11,342.18 1 0
github.com/loicalleyne/bufarrowlib/proto/pbpath/func.go:347.2,350.22 3 1
github.com/loicalleyne/bufarrowlib/proto/pbpath/func.go:350.22,351.10 1 1
github.com/loicalleyne/bufarrowlib/proto/pbpath/func.go:352.20,353.19 1 1
github.com/loicalleyne/bufarrowlib/proto/pbpath/func.go:354.20,355.18 1 1
github.com/loicalleyne/bufarrowlib/proto/pbpath/func.go:356.11,357.18 1 1
github.com/loicalleyne/bufarrowlib/proto/pbpath/func.go:361.2,363.16 3 1
github.com/loicalleyne/bufarrowlib/proto/pbpath/func.go:363.16,364.10 1 1
github.com/loicalleyne/bufarrowlib/proto/pbpath/func.go:365.24,366.19 1 1
github.com/loicalleyne/bufarrowlib/proto/pbpath/func.go:367.24,368.18 1 1
github.com/loicalleyne/bufarrowlib/proto/pbpath/func.go:369.11,370.18 1 1
github.com/loicalleyne/bufarrowlib/proto/pbpath/func.go:373.2,373.17 1 0
github.com/loicalleyne/bufarrowlib/proto/pbpath/func.go:380.59,385.9 4 1
github.com/loicalleyne/bufarrowlib/proto/pbpath/func.go:385.9,387.3 1 1
github.com/loicalleyne/bufarrowlib/proto/pbpath/func.go:389.2,390.16 2 1
github.com/loicalleyne/bufarrowlib/proto/pbpath/func.go:391.14,392.20 1 1
github.com/loicalleyne/bufarrowlib/proto/pbpath/func.go:393.14,394.20 1 1
github.com/loicalleyne/bufarrowlib/proto/pbpath/func.go:395.14,396.19 1 1
github.com/loicalleyne/bufarrowlib/proto/pbpath/func.go:397.14,398.20 1 1
github.com/loicalleyne/bufarrowlib/proto/pbpath/func.go:399.14,400.19 1 1
github.com/loicalleyne/bufarrowlib/proto/pbpath/func.go:401.14,402.20 1 1
github.com/loicalleyne/bufarrowlib/proto/pbpath/func.go:404.2,404.27 1 1
github.com/loicalleyne/bufarrowlib/proto/pbpath/func.go:411.87,413.16 2 1
github.com/loicalleyne/bufarrowlib/proto/pbpath/func.go:413.16,415.3 1 0
github.com/loicalleyne/bufarrowlib/proto/pbpath/func.go:416.2,417.9 2 1
github.com/loicalleyne/bufarrowlib/proto/pbpath/func.go:417.9,419.3 1 0
github.com/loicalleyne/bufarrowlib/proto/pbpath/func.go:420.2,420.28 1 1
github.com/loicalleyne/bufarrowlib/proto/pbpath/func.go:425.91,427.16 2 1
github.com/loicalleyne/bufarrowlib/proto/pbpath/func.go:427.16,429.3 1 0
github.com/loicalleyne/bufarrowlib/proto/pbpath/func.go:430.2,431.9 2 1
github.com/loicalleyne/bufarrowlib/proto/pbpath/func.go:431.9,433.3 1 0
github.com/loicalleyne/bufarrowlib/proto/pbpath/func.go:434.2,434.41 1 1
github.com/loicalleyne/bufarrowlib/proto/pbpath/func.go:440.74,442.16 2 1
github.com/loicalleyne/bufarrowlib/proto/pbpath/func.go:442.16,444.3 1 0
github.com/loicalleyne/bufarrowlib/proto/pbpath/func.go:446.2,446.34 1 1
github.com/loicalleyne/bufarrowlib/proto/pbpath/func.go:446.34,447.13 1 1
github.com/loicalleyne/bufarrowlib/proto/pbpath/func.go:448.16,449.13 1 1
github.com/loicalleyne/bufarrowlib/proto/pbpath/func.go:449.13,451.5 1 1
github.com/loicalleyne/bufarrowlib/proto/pbpath/func.go:452.4,452.25 1 1
github.com/loicalleyne/bufarrowlib/proto/pbpath/func.go:453.39,455.25 1 1
github.com/loicalleyne/bufarrowlib/proto/pbpath/func.go:459.2,460.29 2 1
github.com/loicalleyne/bufarrowlib/proto/pbpath/func.go:461.15,463.46 2 0
github.com/loicalleyne/bufarrowlib/proto/pbpath/func.go:464.15,465.48 1 1
github.com/loicalleyne/bufarrowlib/proto/pbpath/func.go:466.10,467.17 1 1
github.com/loicalleyne/bufarrowlib/proto/pbpath/func.go:472.53,473.12 1 1
github.com/loicalleyne/bufarrowlib/proto/pbpath/func.go:474.15,475.21 1 1
github.com/loicalleyne/bufarrowlib/proto/pbpath/func.go:476.16,477.22 1 1
github.com/loicalleyne/bufarrowlib/proto/pbpath/func.go:478.17,479.23 1 1
github.com/loicalleyne/bufarrowlib/proto/pbpath/func.go:480.17,481.29 1 1
github.com/loicalleyne/bufarrowlib/proto/pbpath/func.go:482.10,483.11 1 0
github.com/loicalleyne/bufarrowlib/proto/pbpath/func.go:491.70,494.30 3 1
github.com/loicalleyne/bufarrowlib/proto/pbpath/func.go:494.30,496.3 1 0
github.com/loicalleyne/bufarrowlib/proto/pbpath/func.go:498.2,501.22 3 1
github.com/loicalleyne/bufarrowlib/proto/pbpath/func.go:501.22,502.12 1 1
github.com/loicalleyne/bufarrowlib/proto/pbpath/func.go:502.12,503.19 1 1
github.com/loicalleyne/bufarrowlib/proto/pbpath/func.go:503.19,505.5 1 1
github.com/loicalleyne/bufarrowlib/proto/pbpath/func.go:506.4,506.28 1 1
github.com/loicalleyne/bufarrowlib/proto/pbpath/func.go:508.3,508.18 1 1
github.com/loicalleyne/bufarrowlib/proto/pbpath/func.go:508.18,510.4 1 1
github.com/loicalleyne/bufarrowlib/proto/pbpath/func.go:511.3,511.27 1 1
github.com/loicalleyne/bufarrowlib/proto/pbpath/func.go:514.2,516.18 3 1
github.com/loicalleyne/bufarrowlib/proto/pbpath/func.go:516.18,518.3 1 0
github.com/loicalleyne/bufarrowlib/proto/pbpath/func.go:519.2,519.11 1 1
github.com/loicalleyne/bufarrowlib/proto/pbpath/func.go:519.11,521.3 1 1
github.com/loicalleyne/bufarrowlib/proto/pbpath/func.go:522.2,522.48 1 1
github.com/loicalleyne/bufarrowlib/proto/pbpath/func.go:528.59,530.16 2 1
github.com/loicalleyne/bufarrowlib/proto/pbpath/func.go:530.16,532.3 1 0
github.com/loicalleyne/bufarrowlib/proto/pbpath/func.go:534.2,534.34 1 1
github.com/loicalleyne/bufarrowlib/proto/pbpath/func.go:534.34,536.3 1 1
github.com/loicalleyne/bufarrowlib/proto/pbpath/func.go:537.2,538.29 2 1
github.com/loicalleyne/bufarrowlib/proto/pbpath/func.go:539.15,540.33 1 0
github.com/loicalleyne/bufarrowlib/proto/pbpath/func.go:541.15,542.33 1 1
github.com/loicalleyne/bufarrowlib/proto/pbpath/func.go:543.14,545.17 2 1
github.com/loicalleyne/bufarrowlib/proto/pbpath/func.go:545.17,548.19 2 1
github.com/loicalleyne/bufarrowlib/proto/pbpath/func.go:548.19,550.5 1 1
github.com/loicalleyne/bufarrowlib/proto/pbpath/func.go:551.4,551.32 1 1
github.com/loicalleyne/bufarrowlib/proto/pbpath/func.go:553.3,553.24 1 1
github.com/loicalleyne/bufarrowlib/proto/pbpath/func.go:554.10,555.17 1 0
github.com/loicalleyne/bufarrowlib/proto/pbpath/func.go:560.61,562.16 2 1
github.com/loicalleyne/bufarrowlib/proto/pbpath/func.go:562.16,564.3 1 0
github.com/loicalleyne/bufarrowlib/proto/pbpath/func.go:565.2,565.34 1 1
github.com/loicalleyne/bufarrowlib/proto/pbpath/func.go:565.34,567.3 1 1
github.com/loicalleyne/bufarrowlib/proto/pbpath/func.go:568.2,569.29 2 1
github.com/loicalleyne/bufarrowlib/proto/pbpath/func.go:570.15,571.37 1 0
github.com/loicalleyne/bufarrowlib/proto/pbpath/func.go:572.15,573.28 1 0
github.com/loicalleyne/bufarrowlib/proto/pbpath/func.go:574.14,576.17 2 1
github.com/loicalleyne/bufarrowlib/proto/pbpath/func.go:576.17,578.4 1 0
github.com/loicalleyne/bufarrowlib/proto/pbpath/func.go:579.3,579.26 1 1
github.com/loicalleyne/bufarrowlib/proto/pbpath/func.go:580.10,581.17 1 0
github.com/loicalleyne/bufarrowlib/proto/pbpath/func.go:586.62,588.16 2 1
github.com/loicalleyne/bufarrowlib/proto/pbpath/func.go:588.16,590.3 1 0
github.com/loicalleyne/bufarrowlib/proto/pbpath/func.go:591.2,591.44 1 1
github.com/loicalleyne/bufarrowlib/proto/pbpath/func.go:598.74,600.16 2 1
github.com/loicalleyne/bufarrowlib/proto/pbpath/func.go:600.16,601.14 1 0
github.com/loicalleyne/bufarrowlib/proto/pbpath/func.go:601.14,603.4 1 0
github.com/loicalleyne/bufarrowlib/proto/pbpath/func.go:604.3,604.17 1 0
github.com/loicalleyne/bufarrowlib/proto/pbpath/func.go:606.2,607.9 2 1
github.com/loicalleyne/bufarrowlib/proto/pbpath/func.go:607.9,609.3 1 0
github.com/loicalleyne/bufarrowlib/proto/pbpath/func.go:611.2,612.16 2 1
github.com/loicalleyne/bufarrowlib/proto/pbpath/func.go:612.16,613.14 1 1
github.com/loicalleyne/bufarrowlib/proto/pbpath/func.go:613.14,615.4 1 1
github.com/loicalleyne/bufarrowlib/proto/pbpath/func.go:616.3,616.17 1 1
github.com/loicalleyne/bufarrowlib/proto/pbpath/func.go:618.2,618.35 1 1
github.com/loicalleyne/bufarrowlib/proto/pbpath/func.go:623.55,624.21 1 1
github.com/loicalleyne/bufarrowlib/proto/pbpath/func.go:625.9,627.17 2 1
github.com/loicalleyne/bufarrowlib/proto/pbpath/func.go:627.17,629.4 1 0
github.com/loicalleyne/bufarrowlib/proto/pbpath/func.go:630.3,631.10 2 1
github.com/loicalleyne/bufarrowlib/proto/pbpath/func.go:631.10,633.4 1 0
github.com/loicalleyne/bufarrowlib/proto/pbpath/func.go:634.3,635.33 2 1
github.com/loicalleyne/bufarrowlib/proto/pbpath/func.go:636.9,639.31 3 1
github.com/loicalleyne/bufarrowlib/proto/pbpath/func.go:639.31,641.4 1 0
github.com/loicalleyne/bufarrowlib/proto/pbpath/func.go:642.3,644.19 3 1
github.com/loicalleyne/bufarrowlib/proto/pbpath/func.go:644.19,646.4 1 0
github.com/loicalleyne/bufarrowlib/proto/pbpath/func.go:647.3,647.32 1 1
github.com/loicalleyne/bufarrowlib/proto/pbpath/func.go:648.10,649.17 1 0
github.com/loicalleyne/bufarrowlib/proto/pbpath/func.go:654.59,656.16 2 1
github.com/loicalleyne/bufarrowlib/proto/pbpath/func.go:656.16,658.3 1 0
github.com/loicalleyne/bufarrowlib/proto/pbpath/func.go:659.2,660.9 2 1
github.com/loicalleyne/bufarrowlib/proto/pbpath/func.go:660.9,662.3 1 0
github.com/loicalleyne/bufarrowlib/proto/pbpath/func.go:663.2,665.16 3 1
github.com/loicalleyne/bufarrowlib/proto/pbpath/func.go:666.23,667.27 1 1
github.com/loicalleyne/bufarrowlib/proto/pbpath/func.go:668.24,669.28 1 1
github.com/loicalleyne/bufarrowlib/proto/pbpath/func.go:670.22,671.26 1 1
github.com/loicalleyne/bufarrowlib/proto/pbpath/func.go:672.23,673.27 1 1
github.com/loicalleyne/bufarrowlib/proto/pbpath/func.go:674.25,675.29 1 1
github.com/loicalleyne/bufarrowlib/proto/pbpath/func.go:676.25,677.29 1 1
github.com/loicalleyne/bufarrowlib/proto/pbpath/func.go:679.2,679.28 1 1
github.com/loicalleyne/bufarrowlib/proto/pbpath/func.go:687.43,688.18 1 1
github.com/loicalleyne/bufarrowlib/proto/pbpath/func.go:688.18,690.3 1 1
github.com/loicalleyne/bufarrowlib/proto/pbpath/func.go:691.2,691.39 1 1
github.com/loicalleyne/bufarrowlib/proto/pbpath/func.go:692.12,693.15 1 1
github.com/loicalleyne/bufarrowlib/proto/pbpath/func.go:694.13,695.20 1 1
github.com/loicalleyne/bufarrowlib/proto/pbpath/func.go:696.13,697.20 1 1
github.com/loicalleyne/bufarrowlib/proto/pbpath/func.go:698.14,699.20 1 1
github.com/loicalleyne/bufarrowlib/proto/pbpath/func.go:700.14,701.20 1 1
github.com/loicalleyne/bufarrowlib/proto/pbpath/func.go:702.15,703.20 1 1
github.com/loicalleyne/bufarrowlib/proto/pbpath/func.go:704.15,705.20 1 1
github.com/loicalleyne/bufarrowlib/proto/pbpath/func.go:706.14,707.21 1 1
github.com/loicalleyne/bufarrowlib/proto/pbpath/func.go:708.14,709.25 1 1
github.com/loicalleyne/bufarrowlib/proto/pbpath/func.go:710.31,711.20 1 1
github.com/loicalleyne/bufarrowlib/proto/pbpath/func.go:712.25,713.25 1 0
github.com/loicalleyne/bufarrowlib/proto/pbpath/func.go:714.24,715.25 1 0
github.com/loicalleyne/bufarrowlib/proto/pbpath/func.go:716.28,717.14 1 0
github.com/loicalleyne/bufarrowlib/proto/pbpath/func.go:718.10,719.14 1 0
github.com/loicalleyne/bufarrowlib/proto/pbpath/func.go:725.50,726.39 1 1
github.com/loicalleyne/bufarrowlib/proto/pbpath/func.go:727.13,728.28 1 1
github.com/loicalleyne/bufarrowlib/proto/pbpath/func.go:729.13,730.21 1 1
github.com/loicalleyne/bufarrowlib/proto/pbpath/func.go:731.14,732.28 1 1
github.com/loicalleyne/bufarrowlib/proto/pbpath/func.go:733.14,734.28 1 1
github.com/loicalleyne/bufarrowlib/proto/pbpath/func.go:735.31,736.28 1 1
github.com/loicalleyne/bufarrowlib/proto/pbpath/func.go:737.12,738.12 1 1
github.com/loicalleyne/bufarrowlib/proto/pbpath/func.go:738.12,740.4 1 1
github.com/loicalleyne/bufarrowlib/proto/pbpath/func.go:741.3,741.17 1 1
github.com/loicalleyne/bufarrowlib/proto/pbpath/func.go:742.10,743.18 1 1
github.com/loicalleyne/bufarrowlib/proto/pbpath/func.go:750.80,751.12 1 1
github.com/loicalleyne/bufarrowlib/proto/pbpath/func.go:751.12,753.3 1 1
github.com/loicalleyne/bufarrowlib/proto/pbpath/func.go:754.2,754.39 1 1
github.com/loicalleyne/bufarrowlib/proto/pbpath/func.go:755.15,756.30 1 1
github.com/loicalleyne/bufarrowlib/proto/pbpath/func.go:757.15,758.21 1 1
github.com/loicalleyne/bufarrowlib/proto/pbpath/func.go:759.10,760.18 1 1
github.com/loicalleyne/bufarrowlib/proto/pbpath/func.go:766.49,767.39 1 1
github.com/loicalleyne/bufarrowlib/proto/pbpath/func.go:768.14,769.15 1 1
github.com/loicalleyne/bufarrowlib/proto/pbpath/func.go:770.12,771.12 1 1
github.com/loicalleyne/bufarrowlib/proto/pbpath/func.go:771.12,773.4 1 1
github.com/loicalleyne/bufarrowlib/proto/pbpath/func.go:774.3,774.17 1 1
github.com/loicalleyne/bufarrowlib/proto/pbpath/func.go:775.13,776.45 1 1
github.com/loicalleyne/bufarrowlib/proto/pbpath/func.go:777.13,778.38 1 1
github.com/loicalleyne/bufarrowlib/proto/pbpath/func.go:779.14,780.47 1 1
github.com/loicalleyne/bufarrowlib/proto/pbpath/func.go:781.14,782.39 1 1
github.com/loicalleyne/bufarrowlib/proto/pbpath/func.go:783.15,784.58 1 1
github.com/loicalleyne/bufarrowlib/proto/pbpath/func.go:785.15,786.49 1 1
github.com/loicalleyne/bufarrowlib/proto/pbpath/func.go:787.14,788.34 1 1
github.com/loicalleyne/bufarrowlib/proto/pbpath/func.go:789.31,790.45 1 1
github.com/loicalleyne/bufarrowlib/proto/pbpath/func.go:791.28,792.21 1 0
github.com/loicalleyne/bufarrowlib/proto/pbpath/func.go:793.25,794.18 1 0
github.com/loicalleyne/bufarrowlib/proto/pbpath/func.go:795.24,796.17 1 0
github.com/loicalleyne/bufarrowlib/proto/pbpath/func.go:797.10,798.34 1 0
github.com/loicalleyne/bufarrowlib/proto/pbpath/func.go:810.71,812.29 2 1
github.com/loicalleyne/bufarrowlib/proto/pbpath/func.go:812.29,814.18 2 1
github.com/loicalleyne/bufarrowlib/proto/pbpath/func.go:814.18,816.4 1 1
github.com/loicalleyne/bufarrowlib/proto/pbpath/func.go:818.2,818.38 1 1
github.com/loicalleyne/bufarrowlib/proto/pbpath/func.go:825.78,827.16 2 1
github.com/loicalleyne/bufarrowlib/proto/pbpath/func.go:827.16,829.3 1 0
github.com/loicalleyne/bufarrowlib/proto/pbpath/func.go:830.2,831.9 2 1
github.com/loicalleyne/bufarrowlib/proto/pbpath/func.go:831.9,833.3 1 0
github.com/loicalleyne/bufarrowlib/proto/pbpath/func.go:834.2,834.40 1 1
github.com/loicalleyne/bufarrowlib/proto/pbpath/func.go:841.75,843.16 2 1
github.com/loicalleyne/bufarrowlib/proto/pbpath/func.go:843.16,845.3 1 0
github.com/loicalleyne/bufarrowlib/proto/pbpath/func.go:846.2,847.9 2 1
github.com/loicalleyne/bufarrowlib/proto/pbpath/func.go:847.9,849.3 1 0
github.com/loicalleyne/bufarrowlib/proto/pbpath/func.go:850.2,851.38 2 1
github.com/loicalleyne/bufarrowlib/proto/pbpath/func.go:852.14,853.38 1 1
github.com/loicalleyne/bufarrowlib/proto/pbpath/func.go:854.15,855.39 1 1
github.com/loicalleyne/bufarrowlib/proto/pbpath/func.go:856.13,857.37 1 1
github.com/loicalleyne/bufarrowlib/proto/pbpath/func.go:858.14,859.38 1 1
github.com/loicalleyne/bufarrowlib/proto/pbpath/func.go:860.16,861.40 1 1
github.com/loicalleyne/bufarrowlib/proto/pbpath/func.go:862.16,863.40 1 1
github.com/loicalleyne/bufarrowlib/proto/pbpath/func.go:864.10,865.17 1 1
github.com/loicalleyne/bufarrowlib/proto/pbpath/func.go:873.73,875.16 2 1
github.com/loicalleyne/bufarrowlib/proto/pbpath/func.go:875.16,877.3 1 0
github.com/loicalleyne/bufarrowlib/proto/pbpath/func.go:878.2,879.9 2 1
github.com/loicalleyne/bufarrowlib/proto/pbpath/func.go:879.9,881.3 1 0
github.com/loicalleyne/bufarrowlib/proto/pbpath/func.go:882.2,883.15 2 1
github.com/loicalleyne/bufarrowlib/proto/pbpath/func.go:883.15,885.3 1 1
github.com/loicalleyne/bufarrowlib/proto/pbpath/func.go:886.2,887.30 2 1
github.com/loicalleyne/bufarrowlib/proto/pbpath/func.go:896.71,898.16 2 1
github.com/loicalleyne/bufarrowlib/proto/pbpath/func.go:898.16,900.3 1 0
github.com/loicalleyne/bufarrowlib/proto/pbpath/func.go:901.2,907.43 5 1
github.com/loicalleyne/bufarrowlib/proto/pbpath/func.go:907.43,909.3 1 1
github.com/loicalleyne/bufarrowlib/proto/pbpath/func.go:910.2,911.19 2 1
github.com/loicalleyne/bufarrowlib/proto/pbpath/func.go:911.19,913.3 1 0
github.com/loicalleyne/bufarrowlib/proto/pbpath/func.go:914.2,914.18 1 1
github.com/loicalleyne/bufarrowlib/proto/pbpath/func.go:914.18,916.3 1 0
github.com/loicalleyne/bufarrowlib/proto/pbpath/func.go:917.2,917.33 1 1
github.com/loicalleyne/bufarrowlib/proto/pbpath/func.go:917.33,919.3 1 1
github.com/loicalleyne/bufarrowlib/proto/pbpath/func.go:921.2,923.24 3 1
github.com/loicalleyne/bufarrowlib/proto/pbpath/func.go:923.24,925.3 1 0
github.com/loicalleyne/bufarrowlib/proto/pbpath/func.go:926.2,928.33 3 1
github.com/loicalleyne/bufarrowlib/proto/pbpath/func.go:928.33,930.3 1 1
github.com/loicalleyne/bufarrowlib/proto/pbpath/func.go:931.2,931.31 1 1
github.com/loicalleyne/bufarrowlib/proto/pbpath/func.go:931.31,933.3 1 1
github.com/loicalleyne/bufarrowlib/proto/pbpath/func.go:934.2,934.44 1 1
github.com/loicalleyne/bufarrowlib/proto/pbpath/func.go:934.44,936.3 1 1
github.com/loicalleyne/bufarrowlib/proto/pbpath/func.go:937.2,937.33 1 1
github.com/loicalleyne/bufarrowlib/proto/pbpath/func.go:944.73,946.23 2 1
github.com/loicalleyne/bufarrowlib/proto/pbpath/func.go:946.23,948.3 1 1
github.com/loicalleyne/bufarrowlib/proto/pbpath/func.go:949.2,949.19 1 1
github.com/loicalleyne/bufarrowlib/proto/pbpath/func.go:956.75,958.16 2 1
github.com/loicalleyne/bufarrowlib/proto/pbpath/func.go:958.16,960.3 1 0
github.com/loicalleyne/bufarrowlib/proto/pbpath/func.go:961.2,961.23 1 1
github.com/loicalleyne/bufarrowlib/proto/pbpath/func.go:961.23,963.3 1 0
github.com/loicalleyne/bufarrowlib/proto/pbpath/func.go:964.2,966.29 3 1
github.com/loicalleyne/bufarrowlib/proto/pbpath/func.go:967.31,968.12 1 1
github.com/loicalleyne/bufarrowlib/proto/pbpath/func.go:969.13,970.37 1 0
github.com/loicalleyne/bufarrowlib/proto/pbpath/func.go:971.13,972.37 1 0
github.com/loicalleyne/bufarrowlib/proto/pbpath/func.go:973.10,974.17 1 0
github.com/loicalleyne/bufarrowlib/proto/pbpath/func.go:976.2,977.16 2 1
github.com/loicalleyne/bufarrowlib/proto/pbpath/func.go:977.16,979.3 1 1
github.com/loicalleyne/bufarrowlib/proto/pbpath/func.go:980.2,980.41 1 1
github.com/loicalleyne/bufarrowlib/proto/pbpath/func.go:987.62,991.22 3 1
github.com/loicalleyne/bufarrowlib/proto/pbpath/func.go:991.22,993.3 1 0
github.com/loicalleyne/bufarrowlib/proto/pbpath/func.go:995.2,996.20 2 1
github.com/loicalleyne/bufarrowlib/proto/pbpath/func.go:996.20,998.3 1 1
github.com/loicalleyne/bufarrowlib/proto/pbpath/func.go:999.2,1002.28 4 1
github.com/loicalleyne/bufarrowlib/proto/pbpath/func.go:1002.28,1004.17 2 1
github.com/loicalleyne/bufarrowlib/proto/pbpath/func.go:1004.17,1005.12 1 0
github.com/loicalleyne/bufarrowlib/proto/pbpath/func.go:1007.3,1008.10 2 1
github.com/loicalleyne/bufarrowlib/proto/pbpath/func.go:1008.10,1009.15 1 1
github.com/loicalleyne/bufarrowlib/proto/pbpath/func.go:1009.15,1011.5 1 0
github.com/loicalleyne/bufarrowlib/proto/pbpath/func.go:1011.10,1013.5 1 1
github.com/loicalleyne/bufarrowlib/proto/pbpath/func.go:1014.4,1014.12 1 1
github.com/loicalleyne/bufarrowlib/proto/pbpath/func.go:1016.3,1017.10 2 0
github.com/loicalleyne/bufarrowlib/proto/pbpath/func.go:1017.10,1018.16 1 0
github.com/loicalleyne/bufarrowlib/proto/pbpath/func.go:1018.16,1021.5 2 0
github.com/loicalleyne/bufarrowlib/proto/pbpath/func.go:1022.4,1022.13 1 0
github.com/loicalleyne/bufarrowlib/proto/pbpath/func.go:1025.2,1025.13 1 1
github.com/loicalleyne/bufarrowlib/proto/pbpath/func.go:1025.13,1027.3 1 0
github.com/loicalleyne/bufarrowlib/proto/pbpath/func.go:1028.2,1028.26 1 1
github.com/loicalleyne/bufarrowlib/proto/pbpath/func.go:1035.67,1038.22 3 1
github.com/loicalleyne/bufarrowlib/proto/pbpath/func.go:1038.22,1040.3 1 0
github.com/loicalleyne/bufarrowlib/proto/pbpath/func.go:1041.2,1043.28 3 1
github.com/loicalleyne/bufarrowlib/proto/pbpath/func.go:1043.28,1045.17 2 1
github.com/loicalleyne/bufarrowlib/proto/pbpath/func.go:1045.17,1046.12 1 0
github.com/loicalleyne/bufarrowlib/proto/pbpath/func.go:1048.3,1048.43 1 1
github.com/loicalleyne/bufarrowlib/proto/pbpath/func.go:1050.2,1050.38 1 1
github.com/loicalleyne/bufarrowlib/proto/pbpath/func.go:1057.69,1060.22 3 1
github.com/loicalleyne/bufarrowlib/proto/pbpath/func.go:1060.22,1062.3 1 0
github.com/loicalleyne/bufarrowlib/proto/pbpath/func.go:1063.2,1065.28 3 1
github.com/loicalleyne/bufarrowlib/proto/pbpath/func.go:1065.28,1067.17 2 1
github.com/loicalleyne/bufarrowlib/proto/pbpath/func.go:1067.17,1068.12 1 0
github.com/loicalleyne/bufarrowlib/proto/pbpath/func.go:1070.3,1070.47 1 1
github.com/loicalleyne/bufarrowlib/proto/pbpath/func.go:1072.2,1072.55 1 1
github.com/loicalleyne/bufarrowlib/proto/pbpath/func.go:1083.73,1085.27 2 1
github.com/loicalleyne/bufarrowlib/proto/pbpath/func.go:1085.27,1087.3 1 1
github.com/loicalleyne/bufarrowlib/proto/pbpath/func.go:1088.2,1088.46 1 1
github.com/loicalleyne/bufarrowlib/proto/pbpath/func.go:1094.70,1096.24 2 1
github.com/loicalleyne/bufarrowlib/proto/pbpath/func.go:1096.24,1098.3 1 1
github.com/loicalleyne/bufarrowlib/proto/pbpath/func.go:1099.2,1100.38 2 1
github.com/loicalleyne/bufarrowlib/proto/pbpath/func.go:1104.69,1106.23 2 1
github.com/loicalleyne/bufarrowlib/proto/pbpath/func.go:1106.23,1108.3 1 1
github.com/loicalleyne/bufarrowlib/proto/pbpath/func.go:1109.2,1110.38 2 1
github.com/loicalleyne/bufarrowlib/proto/pbpath/func.go:1115.70,1118.2 2 1
github.com/loicalleyne/bufarrowlib/proto/pbpath/parse.go:42.39,44.2 1 1
github.com/loicalleyne/bufarrowlib/proto/pbpath/parse.go:48.37,49.11 1 1
github.com/loicalleyne/bufarrowlib/proto/pbpath/parse.go:50.16,51.44 1 1
github.com/loicalleyne/bufarrowlib/proto/pbpath/parse.go:52.26,53.64 1 1
github.com/loicalleyne/bufarrowlib/proto/pbpath/parse.go:54.21,55.57 1 1
github.com/loicalleyne/bufarrowlib/proto/pbpath/parse.go:56.20,57.35 1 1
github.com/loicalleyne/bufarrowlib/proto/pbpath/parse.go:58.25,59.44 1 1
github.com/loicalleyne/bufarrowlib/proto/pbpath/parse.go:60.21,61.36 1 1
github.com/loicalleyne/bufarrowlib/proto/pbpath/parse.go:62.17,63.79 1 1
github.com/loicalleyne/bufarrowlib/proto/pbpath/parse.go:64.22,65.15 1 1
github.com/loicalleyne/bufarrowlib/proto/pbpath/parse.go:66.20,67.42 1 0
github.com/loicalleyne/bufarrowlib/proto/pbpath/parse.go:68.23,69.31 1 0
github.com/loicalleyne/bufarrowlib/proto/pbpath/parse.go:70.21,71.31 1 1
github.com/loicalleyne/bufarrowlib/proto/pbpath/parse.go:72.10,73.25 1 0
github.com/loicalleyne/bufarrowlib/proto/pbpath/parse.go:99.72,106.2 1 1
github.com/loicalleyne/bufarrowlib/proto/pbpath/parse.go:108.56,110.2 1 1
github.com/loicalleyne/bufarrowlib/proto/pbpath/parse.go:112.41,113.25 1 1
github.com/loicalleyne/bufarrowlib/proto/pbpath/parse.go:113.25,115.3 1 1
github.com/loicalleyne/bufarrowlib/proto/pbpath/parse.go:116.2,117.12 2 1
github.com/loicalleyne/bufarrowlib/proto/pbpath/parse.go:120.41,121.30 1 1
github.com/loicalleyne/bufarrowlib/proto/pbpath/parse.go:121.30,123.3 1 1
github.com/loicalleyne/bufarrowlib/proto/pbpath/parse.go:124.2,126.25 3 1
github.com/loicalleyne/bufarrowlib/proto/pbpath/parse.go:126.25,128.3 1 0
github.com/loicalleyne/bufarrowlib/proto/pbpath/parse.go:129.2,131.12 2 1
github.com/loicalleyne/bufarrowlib/proto/pbpath/parse.go:134.44,141.20 5 1
github.com/loicalleyne/bufarrowlib/proto/pbpath/parse.go:141.20,143.3 1 1
github.com/loicalleyne/bufarrowlib/proto/pbpath/parse.go:144.2,145.16 2 1
github.com/loicalleyne/bufarrowlib/proto/pbpath/parse.go:145.16,147.3 1 1
github.com/loicalleyne/bufarrowlib/proto/pbpath/parse.go:148.2,150.101 3 1
github.com/loicalleyne/bufarrowlib/proto/pbpath/parse.go:153.56,156.52 2 1
github.com/loicalleyne/bufarrowlib/proto/pbpath/parse.go:156.52,159.51 1 1
github.com/loicalleyne/bufarrowlib/proto/pbpath/parse.go:159.51,161.4 1 1
github.com/loicalleyne/bufarrowlib/proto/pbpath/parse.go:162.3,162.19 1 1
github.com/loicalleyne/bufarrowlib/proto/pbpath/parse.go:164.2,165.9 2 1
github.com/loicalleyne/bufarrowlib/proto/pbpath/parse.go:165.9,167.3 1 1
github.com/loicalleyne/bufarrowlib/proto/pbpath/parse.go:168.2,169.15 2 1
github.com/loicalleyne/bufarrowlib/proto/pbpath/parse.go:169.15,171.3 1 1
github.com/loicalleyne/bufarrowlib/proto/pbpath/parse.go:172.2,175.12 4 1
github.com/loicalleyne/bufarrowlib/proto/pbpath/parse.go:192.85,193.38 1 1
github.com/loicalleyne/bufarrowlib/proto/pbpath/parse.go:193.38,195.3 1 1
github.com/loicalleyne/bufarrowlib/proto/pbpath/parse.go:196.2,196.37 1 1
github.com/loicalleyne/bufarrowlib/proto/pbpath/parse.go:199.44,201.2 1 1
github.com/loicalleyne/bufarrowlib/proto/pbpath/parse.go:203.38,205.2 1 1
github.com/loicalleyne/bufarrowlib/proto/pbpath/parse.go:207.90,208.40 1 1
github.com/loicalleyne/bufarrowlib/proto/pbpath/parse.go:208.40,210.3 1 1
github.com/loicalleyne/bufarrowlib/proto/pbpath/parse.go:211.2,211.37 1 1
github.com/loicalleyne/bufarrowlib/proto/pbpath/parse.go:214.49,216.2 1 1
github.com/loicalleyne/bufarrowlib/proto/pbpath/parse.go:218.43,220.2 1 1
github.com/loicalleyne/bufarrowlib/proto/pbpath/parse.go:222.49,224.16 2 1
github.com/loicalleyne/bufarrowlib/proto/pbpath/parse.go:224.16,226.3 1 1
github.com/loicalleyne/bufarrowlib/proto/pbpath/parse.go:227.2,227.21 1 1
github.com/loicalleyne/bufarrowlib/proto/pbpath/parse.go:230.87,231.14 1 1
github.com/loicalleyne/bufarrowlib/proto/pbpath/parse.go:232.30,234.17 2 1
github.com/loicalleyne/bufarrowlib/proto/pbpath/parse.go:234.17,236.4 1 1
github.com/loicalleyne/bufarrowlib/proto/pbpath/parse.go:237.3,237.62 1 1
github.com/loicalleyne/bufarrowlib/proto/pbpath/parse.go:238.30,240.17 2 1
github.com/loicalleyne/bufarrowlib/proto/pbpath/parse.go:240.17,242.4 1 1
github.com/loicalleyne/bufarrowlib/proto/pbpath/parse.go:243.3,243.55 1 1
github.com/loicalleyne/bufarrowlib/proto/pbpath/parse.go:244.31,246.17 2 1
github.com/loicalleyne/bufarrowlib/proto/pbpath/parse.go:246.17,248.4 1 1
github.com/loicalleyne/bufarrowlib/proto/pbpath/parse.go:249.3,249.64 1 1
github.com/loicalleyne/bufarrowlib/proto/pbpath/parse.go:250.31,252.17 2 1
github.com/loicalleyne/bufarrowlib/proto/pbpath/parse.go:252.17,254.4 1 1
github.com/loicalleyne/bufarrowlib/proto/pbpath/parse.go:255.3,255.56 1 1
github.com/loicalleyne/bufarrowlib/proto/pbpath/parse.go:256.10,257.38 1 1
github.com/loicalleyne/bufarrowlib/proto/pbpath/parse.go:261.43,263.2 1 1
github.com/loicalleyne/bufarrowlib/proto/pbpath/parse.go:266.37,269.2 2 1
github.com/loicalleyne/bufarrowlib/proto/pbpath/parse.go:273.63,274.40 1 1
github.com/loicalleyne/bufarrowlib/proto/pbpath/parse.go:274.40,275.42 1 1
github.com/loicalleyne/bufarrowlib/proto/pbpath/parse.go:275.42,277.4 1 1
github.com/loicalleyne/bufarrowlib/proto/pbpath/parse.go:279.2,279.12 1 0
github.com/loicalleyne/bufarrowlib/proto/pbpath/parse.go:284.53,285.15 1 1
github.com/loicalleyne/bufarrowlib/proto/pbpath/parse.go:285.15,287.3 1 1
github.com/loicalleyne/bufarrowlib/proto/pbpath/parse.go:288.2,288.22 1 1
github.com/loicalleyne/bufarrowlib/proto/pbpath/parse.go:288.22,290.3 1 0
github.com/loicalleyne/bufarrowlib/proto/pbpath/parse.go:291.2,294.59 3 1
github.com/loicalleyne/bufarrowlib/proto/pbpath/parse.go:294.59,297.3 2 1
github.com/loicalleyne/bufarrowlib/proto/pbpath/parse.go:298.2,299.12 2 1
github.com/loicalleyne/bufarrowlib/proto/pbpath/parse.go:303.60,305.9 2 1
github.com/loicalleyne/bufarrowlib/proto/pbpath/parse.go:305.9,307.3 1 1
github.com/loicalleyne/bufarrowlib/proto/pbpath/parse.go:308.2,308.47 1 1
github.com/loicalleyne/bufarrowlib/proto/pbpath/parse.go:308.47,311.3 1 1
github.com/loicalleyne/bufarrowlib/proto/pbpath/parse.go:312.2,312.16 1 1
github.com/loicalleyne/bufarrowlib/proto/pbpath/parse.go:312.16,314.10 2 1
github.com/loicalleyne/bufarrowlib/proto/pbpath/parse.go:314.10,317.4 1 1
github.com/loicalleyne/bufarrowlib/proto/pbpath/parse.go:318.3,319.40 2 1
github.com/loicalleyne/bufarrowlib/proto/pbpath/parse.go:320.8,322.10 2 1
github.com/loicalleyne/bufarrowlib/proto/pbpath/parse.go:322.10,325.4 1 1
github.com/loicalleyne/bufarrowlib/proto/pbpath/parse.go:327.3,328.40 2 1
github.com/loicalleyne/bufarrowlib/proto/pbpath/parse.go:330.2,331.12 2 1
github.com/loicalleyne/bufarrowlib/proto/pbpath/parse.go:334.40,335.35 1 1
github.com/loicalleyne/bufarrowlib/proto/pbpath/parse.go:335.35,339.3 3 1
github.com/loicalleyne/bufarrowlib/proto/pbpath/parse.go:340.2,340.53 1 1
github.com/loicalleyne/bufarrowlib/proto/pbpath/parse.go:340.53,343.3 1 1
github.com/loicalleyne/bufarrowlib/proto/pbpath/parse.go:344.2,344.26 1 1
github.com/loicalleyne/bufarrowlib/proto/pbpath/parse.go:344.26,345.23 1 1
github.com/loicalleyne/bufarrowlib/proto/pbpath/parse.go:345.23,347.4 1 1
github.com/loicalleyne/bufarrowlib/proto/pbpath/parse.go:348.3,348.24 1 1
github.com/loicalleyne/bufarrowlib/proto/pbpath/parse.go:348.24,350.4 1 1
github.com/loicalleyne/bufarrowlib/proto/pbpath/parse.go:351.3,351.100 1 1
github.com/loicalleyne/bufarrowlib/proto/pbpath/parse.go:353.2,353.66 1 1
github.com/loicalleyne/bufarrowlib/proto/pbpath/parse.go:356.41,357.26 1 1
github.com/loicalleyne/bufarrowlib/proto/pbpath/parse.go:357.26,359.3 1 1
github.com/loicalleyne/bufarrowlib/proto/pbpath/parse.go:360.2,360.29 1 1
github.com/loicalleyne/bufarrowlib/proto/pbpath/parse.go:360.29,363.17 2 1
github.com/loicalleyne/bufarrowlib/proto/pbpath/parse.go:363.17,365.4 1 0
github.com/loicalleyne/bufarrowlib/proto/pbpath/parse.go:366.3,369.13 4 1
github.com/loicalleyne/bufarrowlib/proto/pbpath/parse.go:371.2,371.30 1 1
github.com/loicalleyne/bufarrowlib/proto/pbpath/parse.go:371.30,374.17 2 1
github.com/loicalleyne/bufarrowlib/proto/pbpath/parse.go:374.17,376.4 1 0
github.com/loicalleyne/bufarrowlib/proto/pbpath/parse.go:377.3,377.55 1 1
github.com/loicalleyne/bufarrowlib/proto/pbpath/parse.go:377.55,379.4 1 1
github.com/loicalleyne/bufarrowlib/proto/pbpath/parse.go:380.3,381.13 2 1
github.com/loicalleyne/bufarrowlib/proto/pbpath/parse.go:383.2,383.63 1 1
github.com/loicalleyne/bufarrowlib/proto/pbpath/parse.go:386.41,387.26 1 1
github.com/loicalleyne/bufarrowlib/proto/pbpath/parse.go:387.26,389.3 1 1
github.com/loicalleyne/bufarrowlib/proto/pbpath/parse.go:390.2,390.58 1 1
github.com/loicalleyne/bufarrowlib/proto/pbpath/parse.go:393.41,394.29 1 1
github.com/loicalleyne/bufarrowlib/proto/pbpath/parse.go:394.29,396.3 1 1
github.com/loicalleyne/bufarrowlib/proto/pbpath/parse.go:397.2,398.12 2 1
github.com/loicalleyne/bufarrowlib/proto/pbpath/parse.go:401.41,402.29 1 1
github.com/loicalleyne/bufarrowlib/proto/pbpath/parse.go:402.29,404.47 1 1
github.com/loicalleyne/bufarrowlib/proto/pbpath/parse.go:404.47,406.4 1 0
github.com/loicalleyne/bufarrowlib/proto/pbpath/parse.go:407.3,408.13 2 1
github.com/loicalleyne/bufarrowlib/proto/pbpath/parse.go:410.2,410.32 1 1
github.com/loicalleyne/bufarrowlib/proto/pbpath/parse.go:410.32,412.47 1 1
github.com/loicalleyne/bufarrowlib/proto/pbpath/parse.go:412.47,414.4 1 0
github.com/loicalleyne/bufarrowlib/proto/pbpath/parse.go:415.3,416.13 2 1
github.com/loicalleyne/bufarrowlib/proto/pbpath/parse.go:418.2,418.30 1 1
github.com/loicalleyne/bufarrowlib/proto/pbpath/parse.go:418.30,420.47 1 1
github.com/loicalleyne/bufarrowlib/proto/pbpath/parse.go:420.47,422.4 1 0
github.com/loicalleyne/bufarrowlib/proto/pbpath/parse.go:423.3,424.13 2 1
github.com/loicalleyne/bufarrowlib/proto/pbpath/parse.go:427.2,427.31 1 1
github.com/loicalleyne/bufarrowlib/proto/pbpath/parse.go:427.31,429.3 1 0
github.com/loicalleyne/bufarrowlib/proto/pbpath/parse.go:430.2,431.12 2 1
github.com/loicalleyne/bufarrowlib/proto/pbpath/parse.go:434.38,435.17 1 1
github.com/loicalleyne/bufarrowlib/proto/pbpath/parse.go:436.21,437.31 1 1
github.com/loicalleyne/bufarrowlib/proto/pbpath/parse.go:438.20,439.26 1 1
github.com/loicalleyne/bufarrowlib/proto/pbpath/parse.go:440.25,441.26 1 1
github.com/loicalleyne/bufarrowlib/proto/pbpath/parse.go:442.10,443.36 1 1
github.com/loicalleyne/bufarrowlib/proto/pbpath/parse.go:445.2,445.12 1 1
github.com/loicalleyne/bufarrowlib/proto/pbpath/parse.go:449.45,450.26 1 1
github.com/loicalleyne/bufarrowlib/proto/pbpath/parse.go:450.26,452.23 1 1
github.com/loicalleyne/bufarrowlib/proto/pbpath/parse.go:452.23,454.4 1 1
github.com/loicalleyne/bufarrowlib/proto/pbpath/parse.go:455.3,459.13 5 1
github.com/loicalleyne/bufarrowlib/proto/pbpath/parse.go:461.2,461.31 1 1
github.com/loicalleyne/bufarrowlib/proto/pbpath/parse.go:461.31,467.46 2 1
github.com/loicalleyne/bufarrowlib/proto/pbpath/parse.go:467.46,469.4 1 0
github.com/loicalleyne/bufarrowlib/proto/pbpath/parse.go:471.3,472.35 2 1
github.com/loicalleyne/bufarrowlib/proto/pbpath/parse.go:472.35,474.4 1 0
github.com/loicalleyne/bufarrowlib/proto/pbpath/parse.go:475.3,482.13 7 1
github.com/loicalleyne/bufarrowlib/proto/pbpath/parse.go:484.2,484.29 1 1
github.com/loicalleyne/bufarrowlib/proto/pbpath/parse.go:484.29,489.3 2 1
github.com/loicalleyne/bufarrowlib/proto/pbpath/parse.go:490.2,490.32 1 1
github.com/loicalleyne/bufarrowlib/proto/pbpath/parse.go:490.32,494.3 2 1
github.com/loicalleyne/bufarrowlib/proto/pbpath/parse.go:495.2,495.35 1 0
github.com/loicalleyne/bufarrowlib/proto/pbpath/parse.go:499.48,500.26 1 1
github.com/loicalleyne/bufarrowlib/proto/pbpath/parse.go:500.26,502.3 1 0
github.com/loicalleyne/bufarrowlib/proto/pbpath/parse.go:503.2,504.9 2 1
github.com/loicalleyne/bufarrowlib/proto/pbpath/parse.go:504.9,506.3 1 0
github.com/loicalleyne/bufarrowlib/proto/pbpath/parse.go:507.2,507.16 1 1
github.com/loicalleyne/bufarrowlib/proto/pbpath/parse.go:507.16,509.37 1 1
github.com/loicalleyne/bufarrowlib/proto/pbpath/parse.go:509.37,511.4 1 1
github.com/loicalleyne/bufarrowlib/proto/pbpath/parse.go:511.9,513.4 1 0
github.com/loicalleyne/bufarrowlib/proto/pbpath/parse.go:514.3,516.13 3 1
github.com/loicalleyne/bufarrowlib/proto/pbpath/parse.go:518.2,518.18 1 1
github.com/loicalleyne/bufarrowlib/proto/pbpath/parse.go:518.18,520.3 1 0
github.com/loicalleyne/bufarrowlib/proto/pbpath/parse.go:521.2,524.12 4 1
github.com/loicalleyne/bufarrowlib/proto/pbpath/parse.go:529.48,530.26 1 1
github.com/loicalleyne/bufarrowlib/proto/pbpath/parse.go:530.26,532.3 1 0
github.com/loicalleyne/bufarrowlib/proto/pbpath/parse.go:534.2,535.25 2 1
github.com/loicalleyne/bufarrowlib/proto/pbpath/parse.go:535.25,537.3 1 0
github.com/loicalleyne/bufarrowlib/proto/pbpath/parse.go:539.2,540.57 2 1
github.com/loicalleyne/bufarrowlib/proto/pbpath/parse.go:540.57,541.41 1 1
github.com/loicalleyne/bufarrowlib/proto/pbpath/parse.go:541.41,543.4 1 1
github.com/loicalleyne/bufarrowlib/proto/pbpath/parse.go:543.9,543.58 1 0
github.com/loicalleyne/bufarrowlib/proto/pbpath/parse.go:543.58,545.4 1 0
github.com/loicalleyne/bufarrowlib/proto/pbpath/parse.go:545.9,545.33 1 0
github.com/loicalleyne/bufarrowlib/proto/pbpath/parse.go:545.33,547.4 1 0
github.com/loicalleyne/bufarrowlib/proto/pbpath/parse.go:548.8,548.66 1 0
github.com/loicalleyne/bufarrowlib/proto/pbpath/parse.go:548.66,550.3 1 0
github.com/loicalleyne/bufarrowlib/proto/pbpath/parse.go:551.2,551.21 1 1
github.com/loicalleyne/bufarrowlib/proto/pbpath/parse.go:551.21,553.3 1 0
github.com/loicalleyne/bufarrowlib/proto/pbpath/parse.go:556.2,557.16 2 1
github.com/loicalleyne/bufarrowlib/proto/pbpath/parse.go:557.16,559.3 1 1
github.com/loicalleyne/bufarrowlib/proto/pbpath/parse.go:565.2,565.72 1 1
github.com/loicalleyne/bufarrowlib/proto/pbpath/parse.go:565.72,569.3 2 1
github.com/loicalleyne/bufarrowlib/proto/pbpath/parse.go:569.8,572.3 1 0
github.com/loicalleyne/bufarrowlib/proto/pbpath/parse.go:573.2,574.12 2 1
github.com/loicalleyne/bufarrowlib/proto/pbpath/parse.go:577.41,578.18 1 1
github.com/loicalleyne/bufarrowlib/proto/pbpath/parse.go:579.14,580.23 1 1
github.com/loicalleyne/bufarrowlib/proto/pbpath/parse.go:581.14,582.23 1 1
github.com/loicalleyne/bufarrowlib/proto/pbpath/parse.go:583.14,584.23 1 1
github.com/loicalleyne/bufarrowlib/proto/pbpath/parse.go:585.14,586.23 1 1
github.com/loicalleyne/bufarrowlib/proto/pbpath/parse.go:587.13,588.22 1 1
github.com/loicalleyne/bufarrowlib/proto/pbpath/parse.go:589.14,590.23 1 1
github.com/loicalleyne/bufarrowlib/proto/pbpath/parse.go:591.14,592.23 1 1
github.com/loicalleyne/bufarrowlib/proto/pbpath/parse.go:593.11,594.20 1 1
github.com/loicalleyne/bufarrowlib/proto/pbpath/parse.go:595.13,596.27 1 1
github.com/loicalleyne/bufarrowlib/proto/pbpath/parse.go:597.16,598.30 1 1
github.com/loicalleyne/bufarrowlib/proto/pbpath/parse.go:599.16,600.30 1 1
github.com/loicalleyne/bufarrowlib/proto/pbpath/parse.go:606.43,607.125 1 0
github.com/loicalleyne/bufarrowlib/proto/pbpath/parse.go:608.15,609.80 1 1
github.com/loicalleyne/bufarrowlib/proto/pbpath/parse.go:610.10,611.55 1 0
github.com/loicalleyne/bufarrowlib/proto/pbpath/parse.go:631.78,632.15 1 1
github.com/loicalleyne/bufarrowlib/proto/pbpath/parse.go:632.15,634.3 1 1
github.com/loicalleyne/bufarrowlib/proto/pbpath/parse.go:635.2,636.6 2 1
github.com/loicalleyne/bufarrowlib/proto/pbpath/parse.go:636.6,638.22 2 1
github.com/loicalleyne/bufarrowlib/proto/pbpath/parse.go:638.22,639.28 1 1
github.com/loicalleyne/bufarrowlib/proto/pbpath/parse.go:639.28,641.5 1 1
github.com/loicalleyne/bufarrowlib/proto/pbpath/parse.go:642.4,642.89 1 1
github.com/loicalleyne/bufarrowlib/proto/pbpath/parse.go:644.3,644.37 1 1
github.com/loicalleyne/bufarrowlib/proto/pbpath/parse.go:644.37,646.4 1 1
github.com/loicalleyne/bufarrowlib/proto/pbpath/path.go:83.31,83.48 1 1
github.com/loicalleyne/bufarrowlib/proto/pbpath/path.go:88.42,89.112 1 1
github.com/loicalleyne/bufarrowlib/proto/pbpath/path.go:89.112,90.85 1 1
github.com/loicalleyne/bufarrowlib/proto/pbpath/path.go:92.2,92.16 1 1
github.com/loicalleyne/bufarrowlib/proto/pbpath/path.go:96.66,98.2 1 1
github.com/loicalleyne/bufarrowlib/proto/pbpath/path.go:101.62,103.2 1 1
github.com/loicalleyne/bufarrowlib/proto/pbpath/path.go:107.31,107.53 1 1
github.com/loicalleyne/bufarrowlib/proto/pbpath/path.go:110.46,110.75 1 1
github.com/loicalleyne/bufarrowlib/proto/pbpath/path.go:114.32,114.55 1 1
github.com/loicalleyne/bufarrowlib/proto/pbpath/path.go:118.30,118.51 1 1
github.com/loicalleyne/bufarrowlib/proto/pbpath/path.go:122.31,122.53 1 1
github.com/loicalleyne/bufarrowlib/proto/pbpath/path.go:127.35,127.60 1 1
github.com/loicalleyne/bufarrowlib/proto/pbpath/path.go:132.33,132.56 1 1
github.com/loicalleyne/bufarrowlib/proto/pbpath/path.go:136.32,136.55 1 1
github.com/loicalleyne/bufarrowlib/proto/pbpath/path.go:140.32,140.54 1 1
github.com/loicalleyne/bufarrowlib/proto/pbpath/path.go:160.33,161.11 1 1
github.com/loicalleyne/bufarrowlib/proto/pbpath/path.go:161.11,163.3 1 0
github.com/loicalleyne/bufarrowlib/proto/pbpath/path.go:164.2,164.26 1 1
github.com/loicalleyne/bufarrowlib/proto/pbpath/path.go:164.26,166.3 1 0
github.com/loicalleyne/bufarrowlib/proto/pbpath/path.go:167.2,167.13 1 1
github.com/loicalleyne/bufarrowlib/proto/pbpath/path.go:172.31,174.22 2 1
github.com/loicalleyne/bufarrowlib/proto/pbpath/path.go:174.22,176.3 1 1
github.com/loicalleyne/bufarrowlib/proto/pbpath/path.go:177.2,177.18 1 1
github.com/loicalleyne/bufarrowlib/proto/pbpath/path.go:195.27,197.23 2 1
github.com/loicalleyne/bufarrowlib/proto/pbpath/path.go:197.23,199.3 1 0
github.com/loicalleyne/bufarrowlib/proto/pbpath/path.go:200.2,200.10 1 1
github.com/loicalleyne/bufarrowlib/proto/pbpath/path.go:210.3,215.11 2 1
github.com/loicalleyne/bufarrowlib/proto/pbpath/path.go:215.11,217.3 1 1
github.com/loicalleyne/bufarrowlib/proto/pbpath/path.go:218.2,218.21 1 1
github.com/loicalleyne/bufarrowlib/proto/pbpath/path.go:218.21,220.3 1 0
github.com/loicalleyne/bufarrowlib/proto/pbpath/path.go:221.2,223.12 3 1
github.com/loicalleyne/bufarrowlib/proto/pbpath/path.go:232.33,234.12 2 1
github.com/loicalleyne/bufarrowlib/proto/pbpath/path.go:234.12,236.3 1 0
github.com/loicalleyne/bufarrowlib/proto/pbpath/path.go:238.2,240.26 3 1
github.com/loicalleyne/bufarrowlib/proto/pbpath/path.go:241.23,242.35 1 1
github.com/loicalleyne/bufarrowlib/proto/pbpath/path.go:243.35,244.42 1 1
github.com/loicalleyne/bufarrowlib/proto/pbpath/path.go:247.2,247.72 1 1
github.com/loicalleyne/bufarrowlib/proto/pbpath/path.go:252.37,254.27 2 1
github.com/loicalleyne/bufarrowlib/proto/pbpath/path.go:254.27,255.32 1 1
github.com/loicalleyne/bufarrowlib/proto/pbpath/path.go:255.32,257.4 1 1
github.com/loicalleyne/bufarrowlib/proto/pbpath/path.go:259.2,259.12 1 1
github.com/loicalleyne/bufarrowlib/proto/pbpath/path.go:263.80,265.2 1 1
github.com/loicalleyne/bufarrowlib/proto/pbpath/path.go:268.90,269.18 1 1
github.com/loicalleyne/bufarrowlib/proto/pbpath/path.go:269.18,271.3 1 1
github.com/loicalleyne/bufarrowlib/proto/pbpath/path.go:272.2,272.37 1 1
github.com/loicalleyne/bufarrowlib/proto/pbpath/path.go:273.28,277.37 4 1
github.com/loicalleyne/bufarrowlib/proto/pbpath/path.go:277.37,279.19 2 1
github.com/loicalleyne/bufarrowlib/proto/pbpath/path.go:279.19,280.13 1 1
github.com/loicalleyne/bufarrowlib/proto/pbpath/path.go:282.4,282.14 1 1
github.com/loicalleyne/bufarrowlib/proto/pbpath/path.go:282.14,284.5 1 1
github.com/loicalleyne/bufarrowlib/proto/pbpath/path.go:285.4,288.37 4 1
github.com/loicalleyne/bufarrowlib/proto/pbpath/path.go:290.3,290.21 1 1
github.com/loicalleyne/bufarrowlib/proto/pbpath/path.go:291.25,293.34 2 1
github.com/loicalleyne/bufarrowlib/proto/pbpath/path.go:293.34,294.13 1 1
github.com/loicalleyne/bufarrowlib/proto/pbpath/path.go:294.13,296.5 1 1
github.com/loicalleyne/bufarrowlib/proto/pbpath/path.go:297.4,297.38 1 1
github.com/loicalleyne/bufarrowlib/proto/pbpath/path.go:299.3,299.21 1 1
github.com/loicalleyne/bufarrowlib/proto/pbpath/path.go:300.24,303.68 3 1
github.com/loicalleyne/bufarrowlib/proto/pbpath/path.go:303.68,304.14 1 1
github.com/loicalleyne/bufarrowlib/proto/pbpath/path.go:304.14,306.5 1 1
github.com/loicalleyne/bufarrowlib/proto/pbpath/path.go:307.4,311.31 5 1
github.com/loicalleyne/bufarrowlib/proto/pbpath/path.go:311.31,313.5 1 1
github.com/loicalleyne/bufarrowlib/proto/pbpath/path.go:314.4,315.15 2 1
github.com/loicalleyne/bufarrowlib/proto/pbpath/path.go:317.3,317.21 1 1
github.com/loicalleyne/bufarrowlib/proto/pbpath/path.go:318.31,319.36 1 0
github.com/loicalleyne/bufarrowlib/proto/pbpath/path.go:319.36,320.59 1 0
github.com/loicalleyne/bufarrowlib/proto/pbpath/path.go:320.59,322.5 1 0
github.com/loicalleyne/bufarrowlib/proto/pbpath/path.go:324.3,324.43 1 0
github.com/loicalleyne/bufarrowlib/proto/pbpath/path.go:325.12,326.33 1 1
github.com/loicalleyne/bufarrowlib/proto/pbpath/path.go:327.13,328.43 1 1
github.com/loicalleyne/bufarrowlib/proto/pbpath/path.go:329.13,330.36 1 1
github.com/loicalleyne/bufarrowlib/proto/pbpath/path.go:331.14,332.45 1 1
github.com/loicalleyne/bufarrowlib/proto/pbpath/path.go:333.14,334.37 1 1
github.com/loicalleyne/bufarrowlib/proto/pbpath/path.go:335.15,336.56 1 1
github.com/loicalleyne/bufarrowlib/proto/pbpath/path.go:337.15,338.47 1 1
github.com/loicalleyne/bufarrowlib/proto/pbpath/path.go:339.14,340.34 1 1
github.com/loicalleyne/bufarrowlib/proto/pbpath/path.go:341.14,344.21 3 1
github.com/loicalleyne/bufarrowlib/proto/pbpath/path.go:345.10,346.43 1 0
github.com/loicalleyne/bufarrowlib/proto/pbpath/path.go:348.2,348.10 1 1
github.com/loicalleyne/bufarrowlib/proto/pbpath/path.go:352.48,353.18 1 1
github.com/loicalleyne/bufarrowlib/proto/pbpath/path.go:354.21,356.22 2 1
github.com/loicalleyne/bufarrowlib/proto/pbpath/path.go:356.22,358.4 1 1
github.com/loicalleyne/bufarrowlib/proto/pbpath/path.go:359.3,360.20 2 1
github.com/loicalleyne/bufarrowlib/proto/pbpath/path.go:360.20,362.4 1 1
github.com/loicalleyne/bufarrowlib/proto/pbpath/path.go:363.3,363.23 1 1
github.com/loicalleyne/bufarrowlib/proto/pbpath/path.go:363.23,366.4 2 1
github.com/loicalleyne/bufarrowlib/proto/pbpath/path.go:367.3,368.11 2 1
github.com/loicalleyne/bufarrowlib/proto/pbpath/path.go:369.24,370.29 1 1
github.com/loicalleyne/bufarrowlib/proto/pbpath/path.go:371.23,372.29 1 1
github.com/loicalleyne/bufarrowlib/proto/pbpath/path.go:373.18,375.11 2 1
github.com/loicalleyne/bufarrowlib/proto/pbpath/path.go:376.21,380.11 4 1
github.com/loicalleyne/bufarrowlib/proto/pbpath/path.go:383.2,384.19 2 1
github.com/loicalleyne/bufarrowlib/proto/pbpath/path.go:385.26,388.21 3 1
github.com/loicalleyne/bufarrowlib/proto/pbpath/path.go:389.33,392.23 3 1
github.com/loicalleyne/bufarrowlib/proto/pbpath/path.go:392.23,396.4 3 0
github.com/loicalleyne/bufarrowlib/proto/pbpath/path.go:396.9,398.4 1 1
github.com/loicalleyne/bufarrowlib/proto/pbpath/path.go:399.35,401.21 2 0
github.com/loicalleyne/bufarrowlib/proto/pbpath/path.go:402.30,404.48 2 1
github.com/loicalleyne/bufarrowlib/proto/pbpath/path.go:405.13,406.32 1 1
github.com/loicalleyne/bufarrowlib/proto/pbpath/path.go:407.14,408.42 1 1
github.com/loicalleyne/bufarrowlib/proto/pbpath/path.go:409.14,410.42 1 1
github.com/loicalleyne/bufarrowlib/proto/pbpath/path.go:411.15,412.44 1 1
github.com/loicalleyne/bufarrowlib/proto/pbpath/path.go:413.15,414.44 1 1
github.com/loicalleyne/bufarrowlib/proto/pbpath/path.go:415.15,416.33 1 1
github.com/loicalleyne/bufarrowlib/proto/pbpath/path.go:418.3,418.21 1 1
github.com/loicalleyne/bufarrowlib/proto/pbpath/path.go:419.31,423.21 4 0
github.com/loicalleyne/bufarrowlib/proto/pbpath/path.go:424.10,425.32 1 0
github.com/loicalleyne/bufarrowlib/proto/pbpath/path.go:427.2,427.10 1 1
github.com/loicalleyne/bufarrowlib/proto/pbpath/path.go:433.39,435.19 2 1
github.com/loicalleyne/bufarrowlib/proto/pbpath/path.go:436.26,437.15 1 1
github.com/loicalleyne/bufarrowlib/proto/pbpath/path.go:438.33,439.22 1 1
github.com/loicalleyne/bufarrowlib/proto/pbpath/path.go:440.35,441.24 1 0
github.com/loicalleyne/bufarrowlib/proto/pbpath/path.go:442.31,444.61 2 1
github.com/loicalleyne/bufarrowlib/proto/pbpath/path.go:445.30,446.19 1 1
github.com/loicalleyne/bufarrowlib/proto/pbpath/path.go:447.31,448.20 1 0
github.com/loicalleyne/bufarrowlib/proto/pbpath/path.go:450.2,450.33 1 1
github.com/loicalleyne/bufarrowlib/proto/pbpath/path.go:454.51,456.2 1 1
github.com/loicalleyne/bufarrowlib/proto/pbpath/path.go:459.56,461.2 1 1
github.com/loicalleyne/bufarrowlib/proto/pbpath/path.go:467.28,468.12 1 1
github.com/loicalleyne/bufarrowlib/proto/pbpath/path.go:468.12,470.3 1 1
github.com/loicalleyne/bufarrowlib/proto/pbpath/path.go:471.2,471.48 1 1
github.com/loicalleyne/bufarrowlib/proto/pbpath/path.go:475.43,477.2 1 1
github.com/loicalleyne/bufarrowlib/proto/pbpath/path.go:480.56,482.2 1 0
github.com/loicalleyne/bufarrowlib/proto/pbpath/path.go:486.37,488.2 1 1
github.com/loicalleyne/bufarrowlib/proto/pbpath/path.go:492.36,494.2 1 1
github.com/loicalleyne/bufarrowlib/proto/pbpath/path.go:501.79,502.15 1 1
github.com/loicalleyne/bufarrowlib/proto/pbpath/path.go:502.15,503.56 1 0
github.com/loicalleyne/bufarrowlib/proto/pbpath/path.go:505.2,512.3 1 1
github.com/loicalleyne/bufarrowlib/proto/pbpath/path.go:516.26,518.2 1 1
github.com/loicalleyne/bufarrowlib/proto/pbpath/path.go:524.34,526.2 1 1
github.com/loicalleyne/bufarrowlib/proto/pbpath/path.go:530.25,532.2 1 1
github.com/loicalleyne/bufarrowlib/proto/pbpath/pipe.go:38.57,41.31 3 1
github.com/loicalleyne/bufarrowlib/proto/pbpath/pipe.go:41.31,43.29 2 1
github.com/loicalleyne/bufarrowlib/proto/pbpath/pipe.go:43.29,45.18 2 1
github.com/loicalleyne/bufarrowlib/proto/pbpath/pipe.go:45.18,47.5 1 1
github.com/loicalleyne/bufarrowlib/proto/pbpath/pipe.go:48.4,48.31 1 1
github.com/loicalleyne/bufarrowlib/proto/pbpath/pipe.go:50.3,50.17 1 1
github.com/loicalleyne/bufarrowlib/proto/pbpath/pipe.go:52.2,52.21 1 1
github.com/loicalleyne/bufarrowlib/proto/pbpath/pipe.go:56.58,58.2 1 1
github.com/loicalleyne/bufarrowlib/proto/pbpath/pipe.go:61.75,63.2 1 1
github.com/loicalleyne/bufarrowlib/proto/pbpath/pipe.go:67.79,69.31 2 1
github.com/loicalleyne/bufarrowlib/proto/pbpath/pipe.go:69.31,71.29 2 1
github.com/loicalleyne/bufarrowlib/proto/pbpath/pipe.go:71.29,73.18 2 1
github.com/loicalleyne/bufarrowlib/proto/pbpath/pipe.go:73.18,75.5 1 1
github.com/loicalleyne/bufarrowlib/proto/pbpath/pipe.go:76.4,76.31 1 1
github.com/loicalleyne/bufarrowlib/proto/pbpath/pipe.go:78.3,78.17 1 1
github.com/loicalleyne/bufarrowlib/proto/pbpath/pipe.go:80.2,80.21 1 1
github.com/loicalleyne/bufarrowlib/proto/pbpath/pipe.go:99.72,101.2 1 1
github.com/loicalleyne/bufarrowlib/proto/pbpath/pipe.go:111.77,112.59 1 1
github.com/loicalleyne/bufarrowlib/proto/pbpath/pipe.go:112.59,114.3 1 0
github.com/loicalleyne/bufarrowlib/proto/pbpath/pipe.go:115.2,116.30 2 1
github.com/loicalleyne/bufarrowlib/proto/pbpath/pipe.go:116.30,118.27 2 1
github.com/loicalleyne/bufarrowlib/proto/pbpath/pipe.go:118.27,121.19 1 1
github.com/loicalleyne/bufarrowlib/proto/pbpath/pipe.go:121.19,124.37 3 1
github.com/loicalleyne/bufarrowlib/proto/pbpath/pipe.go:124.37,126.6 1 1
github.com/loicalleyne/bufarrowlib/proto/pbpath/pipe.go:127.5,127.38 1 1
github.com/loicalleyne/bufarrowlib/proto/pbpath/pipe.go:129.4,129.18 1 1
github.com/loicalleyne/bufarrowlib/proto/pbpath/pipe.go:129.18,131.76 2 1
github.com/loicalleyne/bufarrowlib/proto/pbpath/pipe.go:131.76,134.6 2 1
github.com/loicalleyne/bufarrowlib/proto/pbpath/pipe.go:135.5,135.40 1 1
github.com/loicalleyne/bufarrowlib/proto/pbpath/pipe.go:137.4,137.44 1 1
github.com/loicalleyne/bufarrowlib/proto/pbpath/pipe.go:140.3,140.26 1 1
github.com/loicalleyne/bufarrowlib/proto/pbpath/pipe.go:140.26,142.4 1 0
github.com/loicalleyne/bufarrowlib/proto/pbpath/pipe.go:143.3,143.22 1 1
github.com/loicalleyne/bufarrowlib/proto/pbpath/pipe.go:145.2,145.29 1 0
github.com/loicalleyne/bufarrowlib/proto/pbpath/pipe.go:154.71,155.22 1 1
github.com/loicalleyne/bufarrowlib/proto/pbpath/pipe.go:156.16,158.22 2 1
github.com/loicalleyne/bufarrowlib/proto/pbpath/pipe.go:158.22,160.4 1 0
github.com/loicalleyne/bufarrowlib/proto/pbpath/pipe.go:161.3,161.20 1 1
github.com/loicalleyne/bufarrowlib/proto/pbpath/pipe.go:162.18,164.24 2 1
github.com/loicalleyne/bufarrowlib/proto/pbpath/pipe.go:164.24,166.4 1 1
github.com/loicalleyne/bufarrowlib/proto/pbpath/pipe.go:167.3,168.29 2 1
github.com/loicalleyne/bufarrowlib/proto/pbpath/pipe.go:168.29,170.4 1 1
github.com/loicalleyne/bufarrowlib/proto/pbpath/pipe.go:171.3,171.18 1 1
github.com/loicalleyne/bufarrowlib/proto/pbpath/pipe.go:172.18,174.45 1 1
github.com/loicalleyne/bufarrowlib/proto/pbpath/pipe.go:174.45,175.42 1 1
github.com/loicalleyne/bufarrowlib/proto/pbpath/pipe.go:176.27,178.38 2 0
github.com/loicalleyne/bufarrowlib/proto/pbpath/pipe.go:178.38,180.6 1 0
github.com/loicalleyne/bufarrowlib/proto/pbpath/pipe.go:181.5,181.20 1 0
github.com/loicalleyne/bufarrowlib/proto/pbpath/pipe.go:182.26,184.72 2 0
github.com/loicalleyne/bufarrowlib/proto/pbpath/pipe.go:184.72,187.6 2 0
github.com/loicalleyne/bufarrowlib/proto/pbpath/pipe.go:188.5,188.20 1 0
github.com/loicalleyne/bufarrowlib/proto/pbpath/pipe.go:191.3,191.55 1 1
github.com/loicalleyne/bufarrowlib/proto/pbpath/pipe.go:192.19,193.29 1 1
github.com/loicalleyne/bufarrowlib/proto/pbpath/pipe.go:193.29,195.4 1 0
github.com/loicalleyne/bufarrowlib/proto/pbpath/pipe.go:196.3,197.91 2 1
github.com/loicalleyne/bufarrowlib/proto/pbpath/pipe.go:197.91,200.4 2 1
github.com/loicalleyne/bufarrowlib/proto/pbpath/pipe.go:201.3,201.18 1 1
github.com/loicalleyne/bufarrowlib/proto/pbpath/pipe.go:202.10,203.53 1 0
github.com/loicalleyne/bufarrowlib/proto/pbpath/pipe.go:215.72,216.30 1 1
github.com/loicalleyne/bufarrowlib/proto/pbpath/pipe.go:216.30,219.3 2 1
github.com/loicalleyne/bufarrowlib/proto/pbpath/pipe.go:220.2,220.29 1 0
github.com/loicalleyne/bufarrowlib/proto/pbpath/pipe.go:231.76,233.16 2 1
github.com/loicalleyne/bufarrowlib/proto/pbpath/pipe.go:233.16,235.3 1 0
github.com/loicalleyne/bufarrowlib/proto/pbpath/pipe.go:236.2,236.35 1 1
github.com/loicalleyne/bufarrowlib/proto/pbpath/pipe.go:247.79,249.16 2 1
github.com/loicalleyne/bufarrowlib/proto/pbpath/pipe.go:249.16,251.3 1 0
github.com/loicalleyne/bufarrowlib/proto/pbpath/pipe.go:252.2,252.27 1 1
github.com/loicalleyne/bufarrowlib/proto/pbpath/pipe.go:252.27,253.24 1 1
github.com/loicalleyne/bufarrowlib/proto/pbpath/pipe.go:253.24,255.4 1 1
github.com/loicalleyne/bufarrowlib/proto/pbpath/pipe.go:257.2,257.17 1 1
github.com/loicalleyne/bufarrowlib/proto/pbpath/pipe.go:270.76,272.16 2 1
github.com/loicalleyne/bufarrowlib/proto/pbpath/pipe.go:272.16,274.3 1 0
github.com/loicalleyne/bufarrowlib/proto/pbpath/pipe.go:275.2,276.16 2 1
github.com/loicalleyne/bufarrowlib/proto/pbpath/pipe.go:276.16,278.3 1 0
github.com/loicalleyne/bufarrowlib/proto/pbpath/pipe.go:279.2,280.20 2 1
github.com/loicalleyne/bufarrowlib/proto/pbpath/pipe.go:280.20,282.3 1 1
github.com/loicalleyne/bufarrowlib/proto/pbpath/pipe.go:283.2,283.20 1 1
github.com/loicalleyne/bufarrowlib/proto/pbpath/pipe.go:283.20,285.3 1 1
github.com/loicalleyne/bufarrowlib/proto/pbpath/pipe.go:287.2,288.9 2 1
github.com/loicalleyne/bufarrowlib/proto/pbpath/pipe.go:288.9,291.3 1 0
github.com/loicalleyne/bufarrowlib/proto/pbpath/pipe.go:292.2,293.14 2 1
github.com/loicalleyne/bufarrowlib/proto/pbpath/pipe.go:294.12,295.20 1 1
github.com/loicalleyne/bufarrowlib/proto/pbpath/pipe.go:296.14,297.20 1 1
github.com/loicalleyne/bufarrowlib/proto/pbpath/pipe.go:298.14,299.19 1 1
github.com/loicalleyne/bufarrowlib/proto/pbpath/pipe.go:300.16,301.20 1 1
github.com/loicalleyne/bufarrowlib/proto/pbpath/pipe.go:302.14,303.19 1 1
github.com/loicalleyne/bufarrowlib/proto/pbpath/pipe.go:304.16,305.20 1 1
github.com/loicalleyne/bufarrowlib/proto/pbpath/pipe.go:307.2,307.41 1 1
github.com/loicalleyne/bufarrowlib/proto/pbpath/pipe.go:317.76,319.16 2 1
github.com/loicalleyne/bufarrowlib/proto/pbpath/pipe.go:319.16,321.3 1 0
github.com/loicalleyne/bufarrowlib/proto/pbpath/pipe.go:322.2,323.26 2 1
github.com/loicalleyne/bufarrowlib/proto/pbpath/pipe.go:323.26,324.24 1 1
github.com/loicalleyne/bufarrowlib/proto/pbpath/pipe.go:324.24,326.9 2 1
github.com/loicalleyne/bufarrowlib/proto/pbpath/pipe.go:329.2,329.14 1 1
github.com/loicalleyne/bufarrowlib/proto/pbpath/pipe.go:329.14,331.3 1 1
github.com/loicalleyne/bufarrowlib/proto/pbpath/pipe.go:332.2,333.16 2 1
github.com/loicalleyne/bufarrowlib/proto/pbpath/pipe.go:333.16,335.3 1 0
github.com/loicalleyne/bufarrowlib/proto/pbpath/pipe.go:336.2,336.26 1 1
github.com/loicalleyne/bufarrowlib/proto/pbpath/pipe.go:336.26,337.24 1 1
github.com/loicalleyne/bufarrowlib/proto/pbpath/pipe.go:337.24,339.4 1 1
github.com/loicalleyne/bufarrowlib/proto/pbpath/pipe.go:341.2,341.40 1 1
github.com/loicalleyne/bufarrowlib/proto/pbpath/pipe.go:349.75,351.16 2 1
github.com/loicalleyne/bufarrowlib/proto/pbpath/pipe.go:351.16,353.3 1 0
github.com/loicalleyne/bufarrowlib/proto/pbpath/pipe.go:354.2,354.26 1 1
github.com/loicalleyne/bufarrowlib/proto/pbpath/pipe.go:354.26,355.24 1 1
github.com/loicalleyne/bufarrowlib/proto/pbpath/pipe.go:355.24,357.4 1 1
github.com/loicalleyne/bufarrowlib/proto/pbpath/pipe.go:359.2,360.16 2 1
github.com/loicalleyne/bufarrowlib/proto/pbpath/pipe.go:360.16,362.3 1 0
github.com/loicalleyne/bufarrowlib/proto/pbpath/pipe.go:363.2,363.26 1 1
github.com/loicalleyne/bufarrowlib/proto/pbpath/pipe.go:363.26,364.24 1 1
github.com/loicalleyne/bufarrowlib/proto/pbpath/pipe.go:364.24,366.4 1 1
github.com/loicalleyne/bufarrowlib/proto/pbpath/pipe.go:368.2,368.40 1 1
github.com/loicalleyne/bufarrowlib/proto/pbpath/pipe.go:375.67,377.2 1 1
github.com/loicalleyne/bufarrowlib/proto/pbpath/pipe.go:386.70,388.2 1 1
github.com/loicalleyne/bufarrowlib/proto/pbpath/pipe.go:395.65,397.2 1 1
github.com/loicalleyne/bufarrowlib/proto/pbpath/pipe.go:407.76,409.2 1 1
github.com/loicalleyne/bufarrowlib/proto/pbpath/pipe.go:413.66,414.22 1 1
github.com/loicalleyne/bufarrowlib/proto/pbpath/pipe.go:415.16,416.38 1 1
github.com/loicalleyne/bufarrowlib/proto/pbpath/pipe.go:417.16,418.61 1 1
github.com/loicalleyne/bufarrowlib/proto/pbpath/pipe.go:419.19,420.29 1 1
github.com/loicalleyne/bufarrowlib/proto/pbpath/pipe.go:420.29,422.4 1 0
github.com/loicalleyne/bufarrowlib/proto/pbpath/pipe.go:424.3,425.89 2 1
github.com/loicalleyne/bufarrowlib/proto/pbpath/pipe.go:425.89,428.4 2 1
github.com/loicalleyne/bufarrowlib/proto/pbpath/pipe.go:429.3,429.45 1 1
github.com/loicalleyne/bufarrowlib/proto/pbpath/pipe.go:430.18,432.19 2 1
github.com/loicalleyne/bufarrowlib/proto/pbpath/pipe.go:432.19,434.4 1 0
github.com/loicalleyne/bufarrowlib/proto/pbpath/pipe.go:435.3,435.28 1 1
github.com/loicalleyne/bufarrowlib/proto/pbpath/pipe.go:436.15,437.51 1 1
github.com/loicalleyne/bufarrowlib/proto/pbpath/pipe.go:438.15,439.51 1 0
github.com/loicalleyne/bufarrowlib/proto/pbpath/pipe.go:440.11,443.40 1 1
github.com/loicalleyne/bufarrowlib/proto/pbpath/pipe.go:443.40,444.14 1 1
github.com/loicalleyne/bufarrowlib/proto/pbpath/pipe.go:444.14,446.6 1 1
github.com/loicalleyne/bufarrowlib/proto/pbpath/pipe.go:447.5,447.40 1 1
github.com/loicalleyne/bufarrowlib/proto/pbpath/pipe.go:449.4,449.52 1 1
github.com/loicalleyne/bufarrowlib/proto/pbpath/pipe.go:449.52,450.14 1 1
github.com/loicalleyne/bufarrowlib/proto/pbpath/pipe.go:450.14,452.6 1 1
github.com/loicalleyne/bufarrowlib/proto/pbpath/pipe.go:453.5,453.42 1 1
github.com/loicalleyne/bufarrowlib/proto/pbpath/pipe.go:455.4,455.39 1 0
github.com/loicalleyne/bufarrowlib/proto/pbpath/pipe.go:457.10,458.38 1 0
github.com/loicalleyne/bufarrowlib/proto/pbpath/pipe.go:464.64,465.22 1 1
[...]
github.com/loicalleyne/bufarrowlib/proto/pbpath/strptime.go:51.59,69.23 14 1
github.com/loicalleyne/bufarrowlib/proto/pbpath/strptime.go:69.23,70.24 1 1
github.com/loicalleyne/bufarrowlib/proto/pbpath/strptime.go:70.24,72.24 1 1
github.com/loicalleyne/bufarrowlib/proto/pbpath/strptime.go:72.24,74.5 1 1
github.com/loicalleyne/bufarrowlib/proto/pbpath/strptime.go:75.4,75.31 1 1
github.com/loicalleyne/bufarrowlib/proto/pbpath/strptime.go:75.31,77.5 1 1
github.com/loicalleyne/bufarrowlib/proto/pbpath/strptime.go:78.4,80.12 3 1
github.com/loicalleyne/bufarrowlib/proto/pbpath/strptime.go:84.3,85.24 2 1
github.com/loicalleyne/bufarrowlib/proto/pbpath/strptime.go:85.24,87.4 1 1
github.com/loicalleyne/bufarrowlib/proto/pbpath/strptime.go:90.3,91.24 2 1
github.com/loicalleyne/bufarrowlib/proto/pbpath/strptime.go:91.24,94.25 3 1
github.com/loicalleyne/bufarrowlib/proto/pbpath/strptime.go:94.25,96.5 1 0
github.com/loicalleyne/bufarrowlib/proto/pbpath/strptime.go:99.3,102.15 3 1
github.com/loicalleyne/bufarrowlib/proto/pbpath/strptime.go:103.12,105.18 2 1
github.com/loicalleyne/bufarrowlib/proto/pbpath/strptime.go:105.18,107.5 1 1
github.com/loicalleyne/bufarrowlib/proto/pbpath/strptime.go:108.4,109.13 2 1
github.com/loicalleyne/bufarrowlib/proto/pbpath/strptime.go:111.12,113.18 2 1
github.com/loicalleyne/bufarrowlib/proto/pbpath/strptime.go:113.18,115.5 1 0
github.com/loicalleyne/bufarrowlib/proto/pbpath/strptime.go:116.4,117.13 2 1
github.com/loicalleyne/bufarrowlib/proto/pbpath/strptime.go:119.12,121.13 2 1
github.com/loicalleyne/bufarrowlib/proto/pbpath/strptime.go:121.13,123.5 1 1
github.com/loicalleyne/bufarrowlib/proto/pbpath/strptime.go:124.4,125.18 2 1
github.com/loicalleyne/bufarrowlib/proto/pbpath/strptime.go:125.18,127.5 1 0
github.com/loicalleyne/bufarrowlib/proto/pbpath/strptime.go:128.4,128.23 1 1
github.com/loicalleyne/bufarrowlib/proto/pbpath/strptime.go:128.23,130.5 1 1
github.com/loicalleyne/bufarrowlib/proto/pbpath/strptime.go:131.4,132.13 2 1
github.com/loicalleyne/bufarrowlib/proto/pbpath/strptime.go:134.12,136.13 2 1
github.com/loicalleyne/bufarrowlib/proto/pbpath/strptime.go:136.13,138.5 1 1
github.com/loicalleyne/bufarrowlib/proto/pbpath/strptime.go:139.4,140.18 2 1
github.com/loicalleyne/bufarrowlib/proto/pbpath/strptime.go:140.18,142.5 1 0
github.com/loicalleyne/bufarrowlib/proto/pbpath/strptime.go:143.4,143.23 1 1
github.com/loicalleyne/bufarrowlib/proto/pbpath/strptime.go:143.23,145.5 1 1
github.com/loicalleyne/bufarrowlib/proto/pbpath/strptime.go:146.4,147.13 2 1
github.com/loicalleyne/bufarrowlib/proto/pbpath/strptime.go:149.12,151.13 2 1
github.com/loicalleyne/bufarrowlib/proto/pbpath/strptime.go:151.13,153.5 1 0
github.com/loicalleyne/bufarrowlib/proto/pbpath/strptime.go:154.4,155.18 2 1
github.com/loicalleyne/bufarrowlib/proto/pbpath/strptime.go:155.18,157.5 1 0
github.com/loicalleyne/bufarrowlib/proto/pbpath/strptime.go:158.4,158.14 1 1
github.com/loicalleyne/bufarrowlib/proto/pbpath/strptime.go:158.14,160.5 1 1
github.com/loicalleyne/bufarrowlib/proto/pbpath/strptime.go:161.4,162.13 2 1
github.com/loicalleyne/bufarrowlib/proto/pbpath/strptime.go:164.12,166.13 2 1
github.com/loicalleyne/bufarrowlib/proto/pbpath/strptime.go:166.13,168.5 1 0
github.com/loicalleyne/bufarrowlib/proto/pbpath/strptime.go:169.4,170.18 2 1
github.com/loicalleyne/bufarrowlib/proto/pbpath/strptime.go:170.18,172.5 1 0
github.com/loicalleyne/bufarrowlib/proto/pbpath/strptime.go:173.4,173.23 1 1
github.com/loicalleyne/bufarrowlib/proto/pbpath/strptime.go:173.23,175.5 1 0
github.com/loicalleyne/bufarrowlib/proto/pbpath/strptime.go:176.4,178.13 3 1
github.com/loicalleyne/bufarrowlib/proto/pbpath/strptime.go:180.12,182.13 2 1
github.com/loicalleyne/bufarrowlib/proto/pbpath/strptime.go:182.13,184.5 1 0
github.com/loicalleyne/bufarrowlib/proto/pbpath/strptime.go:185.4,186.18 2 1
github.com/loicalleyne/bufarrowlib/proto/pbpath/strptime.go:186.18,188.5 1 0
github.com/loicalleyne/bufarrowlib/proto/pbpath/strptime.go:189.4,189.14 1 1
github.com/loicalleyne/bufarrowlib/proto/pbpath/strptime.go:189.14,191.5 1 0
github.com/loicalleyne/bufarrowlib/proto/pbpath/strptime.go:192.4,193.13 2 1
github.com/loicalleyne/bufarrowlib/proto/pbpath/strptime.go:195.12,197.13 2 1
github.com/loicalleyne/bufarrowlib/proto/pbpath/strptime.go:197.13,199.5 1 0
github.com/loicalleyne/bufarrowlib/proto/pbpath/strptime.go:200.4,201.18 2 1
github.com/loicalleyne/bufarrowlib/proto/pbpath/strptime.go:201.18,203.5 1 0
github.com/loicalleyne/bufarrowlib/proto/pbpath/strptime.go:204.4,204.14 1 1
github.com/loicalleyne/bufarrowlib/proto/pbpath/strptime.go:204.14,206.5 1 0
github.com/loicalleyne/bufarrowlib/proto/pbpath/strptime.go:207.4,208.13 2 1
github.com/loicalleyne/bufarrowlib/proto/pbpath/strptime.go:210.12,212.80 2 1
github.com/loicalleyne/bufarrowlib/proto/pbpath/strptime.go:212.80,214.5 1 1
github.com/loicalleyne/bufarrowlib/proto/pbpath/strptime.go:215.4,216.24 2 1
github.com/loicalleyne/bufarrowlib/proto/pbpath/strptime.go:216.24,218.5 1 0
github.com/loicalleyne/bufarrowlib/proto/pbpath/strptime.go:220.4,220.24 1 1
github.com/loicalleyne/bufarrowlib/proto/pbpath/strptime.go:220.24,222.5 1 1
github.com/loicalleyne/bufarrowlib/proto/pbpath/strptime.go:223.4,224.19 2 1
github.com/loicalleyne/bufarrowlib/proto/pbpath/strptime.go:226.12,228.38 2 1
github.com/loicalleyne/bufarrowlib/proto/pbpath/strptime.go:228.38,231.5 2 1
github.com/loicalleyne/bufarrowlib/proto/pbpath/strptime.go:231.10,231.45 1 1
github.com/loicalleyne/bufarrowlib/proto/pbpath/strptime.go:231.45,234.5 2 1
github.com/loicalleyne/bufarrowlib/proto/pbpath/strptime.go:234.10,236.5 1 1
github.com/loicalleyne/bufarrowlib/proto/pbpath/strptime.go:238.12,239.24 1 1
github.com/loicalleyne/bufarrowlib/proto/pbpath/strptime.go:239.24,241.5 1 0
github.com/loicalleyne/bufarrowlib/proto/pbpath/strptime.go:242.4,242.44 1 1
github.com/loicalleyne/bufarrowlib/proto/pbpath/strptime.go:242.44,245.5 2 1
github.com/loicalleyne/bufarrowlib/proto/pbpath/strptime.go:245.10,245.51 1 1
github.com/loicalleyne/bufarrowlib/proto/pbpath/strptime.go:245.51,247.25 2 1
github.com/loicalleyne/bufarrowlib/proto/pbpath/strptime.go:247.25,249.6 1 1
github.com/loicalleyne/bufarrowlib/proto/pbpath/strptime.go:250.5,253.19 3 1
github.com/loicalleyne/bufarrowlib/proto/pbpath/strptime.go:253.19,255.6 1 0
github.com/loicalleyne/bufarrowlib/proto/pbpath/strptime.go:256.5,258.44 2 1
github.com/loicalleyne/bufarrowlib/proto/pbpath/strptime.go:258.44,260.6 1 1
github.com/loicalleyne/bufarrowlib/proto/pbpath/strptime.go:261.5,262.64 2 1
github.com/loicalleyne/bufarrowlib/proto/pbpath/strptime.go:262.64,264.20 2 1
github.com/loicalleyne/bufarrowlib/proto/pbpath/strptime.go:264.20,266.7 1 0
github.com/loicalleyne/bufarrowlib/proto/pbpath/strptime.go:267.6,267.15 1 1
github.com/loicalleyne/bufarrowlib/proto/pbpath/strptime.go:269.5,270.37 2 1
github.com/loicalleyne/bufarrowlib/proto/pbpath/strptime.go:271.10,273.5 1 0
github.com/loicalleyne/bufarrowlib/proto/pbpath/strptime.go:275.12,277.150 2 1
github.com/loicalleyne/bufarrowlib/proto/pbpath/strptime.go:277.150,279.5 1 1
github.com/loicalleyne/bufarrowlib/proto/pbpath/strptime.go:280.4,280.19 1 1
github.com/loicalleyne/bufarrowlib/proto/pbpath/strptime.go:280.19,282.5 1 0
github.com/loicalleyne/bufarrowlib/proto/pbpath/strptime.go:284.4,285.56 2 1
github.com/loicalleyne/bufarrowlib/proto/pbpath/strptime.go:285.56,287.5 1 1
github.com/loicalleyne/bufarrowlib/proto/pbpath/strptime.go:290.12,292.18 2 1
github.com/loicalleyne/bufarrowlib/proto/pbpath/strptime.go:292.18,294.5 1 0
github.com/loicalleyne/bufarrowlib/proto/pbpath/strptime.go:295.4,295.24 1 1
github.com/loicalleyne/bufarrowlib/proto/pbpath/strptime.go:295.24,297.5 1 0
github.com/loicalleyne/bufarrowlib/proto/pbpath/strptime.go:298.4,299.13 2 1
github.com/loicalleyne/bufarrowlib/proto/pbpath/strptime.go:301.12,303.15 2 1
github.com/loicalleyne/bufarrowlib/proto/pbpath/strptime.go:303.15,305.5 1 0
github.com/loicalleyne/bufarrowlib/proto/pbpath/strptime.go:306.4,306.13 1 1
github.com/loicalleyne/bufarrowlib/proto/pbpath/strptime.go:308.12,310.15 2 1
github.com/loicalleyne/bufarrowlib/proto/pbpath/strptime.go:310.15,312.5 1 0
github.com/loicalleyne/bufarrowlib/proto/pbpath/strptime.go:313.4,313.13 1 1
github.com/loicalleyne/bufarrowlib/proto/pbpath/strptime.go:315.12,317.15 2 1
github.com/loicalleyne/bufarrowlib/proto/pbpath/strptime.go:317.15,319.5 1 0
github.com/loicalleyne/bufarrowlib/proto/pbpath/strptime.go:320.4,321.11 2 1
github.com/loicalleyne/bufarrowlib/proto/pbpath/strptime.go:321.11,323.5 1 1
github.com/loicalleyne/bufarrowlib/proto/pbpath/strptime.go:324.4,325.13 2 1
github.com/loicalleyne/bufarrowlib/proto/pbpath/strptime.go:327.12,329.15 2 1
github.com/loicalleyne/bufarrowlib/proto/pbpath/strptime.go:329.15,331.5 1 0
github.com/loicalleyne/bufarrowlib/proto/pbpath/strptime.go:332.4,333.11 2 1
github.com/loicalleyne/bufarrowlib/proto/pbpath/strptime.go:333.11,335.5 1 0
github.com/loicalleyne/bufarrowlib/proto/pbpath/strptime.go:336.4,337.13 2 1
github.com/loicalleyne/bufarrowlib/proto/pbpath/strptime.go:339.12,340.44 1 1
github.com/loicalleyne/bufarrowlib/proto/pbpath/strptime.go:340.44,342.5 1 0
github.com/loicalleyne/bufarrowlib/proto/pbpath/strptime.go:343.4,343.8 1 1
github.com/loicalleyne/bufarrowlib/proto/pbpath/strptime.go:345.17,346.109 1 1
github.com/loicalleyne/bufarrowlib/proto/pbpath/strptime.go:346.109,348.5 1 0
github.com/loicalleyne/bufarrowlib/proto/pbpath/strptime.go:349.4,349.109 1 1
github.com/loicalleyne/bufarrowlib/proto/pbpath/strptime.go:349.109,351.5 1 1
github.com/loicalleyne/bufarrowlib/proto/pbpath/strptime.go:353.11,354.80 1 1
github.com/loicalleyne/bufarrowlib/proto/pbpath/strptime.go:359.2,359.21 1 1
github.com/loicalleyne/bufarrowlib/proto/pbpath/strptime.go:359.21,361.3 1 1
github.com/loicalleyne/bufarrowlib/proto/pbpath/strptime.go:364.2,364.14 1 1
github.com/loicalleyne/bufarrowlib/proto/pbpath/strptime.go:364.14,366.3 1 1
github.com/loicalleyne/bufarrowlib/proto/pbpath/strptime.go:367.2,367.16 1 1
github.com/loicalleyne/bufarrowlib/proto/pbpath/strptime.go:367.16,369.3 1 1
github.com/loicalleyne/bufarrowlib/proto/pbpath/strptime.go:370.2,370.13 1 1
github.com/loicalleyne/bufarrowlib/proto/pbpath/strptime.go:370.13,372.3 1 1
github.com/loicalleyne/bufarrowlib/proto/pbpath/strptime.go:373.2,373.14 1 1
github.com/loicalleyne/bufarrowlib/proto/pbpath/strptime.go:373.14,375.3 1 1
github.com/loicalleyne/bufarrowlib/proto/pbpath/strptime.go:378.2,378.12 1 1
github.com/loicalleyne/bufarrowlib/proto/pbpath/strptime.go:378.12,379.30 1 1
github.com/loicalleyne/bufarrowlib/proto/pbpath/strptime.go:379.30,381.4 1 1
github.com/loicalleyne/bufarrowlib/proto/pbpath/strptime.go:381.9,381.37 1 1
github.com/loicalleyne/bufarrowlib/proto/pbpath/strptime.go:381.37,383.4 1 1
github.com/loicalleyne/bufarrowlib/proto/pbpath/strptime.go:386.2,386.16 1 1
github.com/loicalleyne/bufarrowlib/proto/pbpath/strptime.go:386.16,388.3 1 1
github.com/loicalleyne/bufarrowlib/proto/pbpath/strptime.go:392.2,392.51 1 1
github.com/loicalleyne/bufarrowlib/proto/pbpath/strptime.go:392.51,395.3 2 1
github.com/loicalleyne/bufarrowlib/proto/pbpath/strptime.go:397.2,398.15 2 1
github.com/loicalleyne/bufarrowlib/proto/pbpath/strptime.go:404.76,406.78 2 1
github.com/loicalleyne/bufarrowlib/proto/pbpath/strptime.go:406.78,408.3 1 1
github.com/loicalleyne/bufarrowlib/proto/pbpath/strptime.go:409.2,410.23 2 1
github.com/loicalleyne/bufarrowlib/proto/pbpath/strptime.go:410.23,412.3 1 1
github.com/loicalleyne/bufarrowlib/proto/pbpath/strptime.go:413.2,414.22 2 1
github.com/loicalleyne/bufarrowlib/proto/pbpath/strptime.go:419.49,421.93 2 1
github.com/loicalleyne/bufarrowlib/proto/pbpath/strptime.go:421.93,423.3 1 1
github.com/loicalleyne/bufarrowlib/proto/pbpath/strptime.go:424.2,424.34 1 1
github.com/loicalleyne/bufarrowlib/proto/pbpath/strptime.go:428.53,430.49 2 1
github.com/loicalleyne/bufarrowlib/proto/pbpath/strptime.go:430.49,433.37 3 1
github.com/loicalleyne/bufarrowlib/proto/pbpath/strptime.go:433.37,435.4 1 1
github.com/loicalleyne/bufarrowlib/proto/pbpath/strptime.go:437.2,437.17 1 1
github.com/loicalleyne/bufarrowlib/proto/pbpath/value.go:66.19,66.37 1 1
github.com/loicalleyne/bufarrowlib/proto/pbpath/value.go:70.42,71.19 1 1
github.com/loicalleyne/bufarrowlib/proto/pbpath/value.go:71.19,73.3 1 1
github.com/loicalleyne/bufarrowlib/proto/pbpath/value.go:74.2,74.44 1 1
github.com/loicalleyne/bufarrowlib/proto/pbpath/value.go:78.31,80.2 1 1
github.com/loicalleyne/bufarrowlib/proto/pbpath/value.go:83.33,85.2 1 1
github.com/loicalleyne/bufarrowlib/proto/pbpath/value.go:88.33,90.2 1 1
github.com/loicalleyne/bufarrowlib/proto/pbpath/value.go:93.37,95.2 1 1
github.com/loicalleyne/bufarrowlib/proto/pbpath/value.go:98.35,100.2 1 1
github.com/loicalleyne/bufarrowlib/proto/pbpath/value.go:104.35,105.18 1 1
github.com/loicalleyne/bufarrowlib/proto/pbpath/value.go:105.18,107.3 1 1
github.com/loicalleyne/bufarrowlib/proto/pbpath/value.go:108.2,108.43 1 1
github.com/loicalleyne/bufarrowlib/proto/pbpath/value.go:113.47,114.14 1 1
github.com/loicalleyne/bufarrowlib/proto/pbpath/value.go:114.14,116.3 1 1
github.com/loicalleyne/bufarrowlib/proto/pbpath/value.go:117.2,117.41 1 1
github.com/loicalleyne/bufarrowlib/proto/pbpath/value.go:122.45,123.20 1 1
github.com/loicalleyne/bufarrowlib/proto/pbpath/value.go:123.20,125.3 1 1
github.com/loicalleyne/bufarrowlib/proto/pbpath/value.go:126.2,126.46 1 1
github.com/loicalleyne/bufarrowlib/proto/pbpath/value.go:132.33,132.50 1 1
github.com/loicalleyne/bufarrowlib/proto/pbpath/value.go:135.30,135.59 1 1
github.com/loicalleyne/bufarrowlib/proto/pbpath/value.go:139.48,140.26 1 1
github.com/loicalleyne/bufarrowlib/proto/pbpath/value.go:140.26,142.3 1 1
github.com/loicalleyne/bufarrowlib/proto/pbpath/value.go:143.2,143.29 1 1
github.com/loicalleyne/bufarrowlib/proto/pbpath/value.go:148.31,149.24 1 1
github.com/loicalleyne/bufarrowlib/proto/pbpath/value.go:149.24,151.3 1 1
github.com/loicalleyne/bufarrowlib/proto/pbpath/value.go:152.2,152.12 1 1
github.com/loicalleyne/bufarrowlib/proto/pbpath/value.go:157.47,158.27 1 1
github.com/loicalleyne/bufarrowlib/proto/pbpath/value.go:158.27,160.3 1 1
github.com/loicalleyne/bufarrowlib/proto/pbpath/value.go:161.2,161.12 1 1
github.com/loicalleyne/bufarrowlib/proto/pbpath/value.go:166.40,167.26 1 1
github.com/loicalleyne/bufarrowlib/proto/pbpath/value.go:167.26,169.3 1 1
github.com/loicalleyne/bufarrowlib/proto/pbpath/value.go:170.2,170.12 1 1
github.com/loicalleyne/bufarrowlib/proto/pbpath/value.go:175.26,176.16 1 1
github.com/loicalleyne/bufarrowlib/proto/pbpath/value.go:177.16,178.21 1 1
github.com/loicalleyne/bufarrowlib/proto/pbpath/value.go:179.18,180.20 1 1
github.com/loicalleyne/bufarrowlib/proto/pbpath/value.go:181.10,182.11 1 1
github.com/loicalleyne/bufarrowlib/proto/pbpath/value.go:189.35,190.24 1 1
github.com/loicalleyne/bufarrowlib/proto/pbpath/value.go:190.24,192.3 1 1
github.com/loicalleyne/bufarrowlib/proto/pbpath/value.go:193.2,193.11 1 1
github.com/loicalleyne/bufarrowlib/proto/pbpath/value.go:193.11,195.3 1 1
github.com/loicalleyne/bufarrowlib/proto/pbpath/value.go:196.2,196.31 1 1
github.com/loicalleyne/bufarrowlib/proto/pbpath/value.go:196.31,198.3 1 1
github.com/loicalleyne/bufarrowlib/proto/pbpath/value.go:199.2,199.18 1 1
github.com/loicalleyne/bufarrowlib/proto/pbpath/value.go:205.33,205.61 1 1
github.com/loicalleyne/bufarrowlib/proto/pbpath/value.go:209.59,210.43 1 1
github.com/loicalleyne/bufarrowlib/proto/pbpath/value.go:210.43,212.3 1 1
github.com/loicalleyne/bufarrowlib/proto/pbpath/value.go:213.2,213.38 1 1
github.com/loicalleyne/bufarrowlib/proto/pbpath/value.go:217.32,218.16 1 1
github.com/loicalleyne/bufarrowlib/proto/pbpath/value.go:219.16,220.16 1 1
github.com/loicalleyne/bufarrowlib/proto/pbpath/value.go:221.18,222.33 1 1
github.com/loicalleyne/bufarrowlib/proto/pbpath/value.go:223.16,224.23 1 1
github.com/loicalleyne/bufarrowlib/proto/pbpath/value.go:224.23,226.4 1 1
github.com/loicalleyne/bufarrowlib/proto/pbpath/value.go:227.3,228.31 2 1
github.com/loicalleyne/bufarrowlib/proto/pbpath/value.go:228.31,229.13 1 1
github.com/loicalleyne/bufarrowlib/proto/pbpath/value.go:229.13,231.5 1 1
github.com/loicalleyne/bufarrowlib/proto/pbpath/value.go:232.4,232.43 1 1
github.com/loicalleyne/bufarrowlib/proto/pbpath/value.go:234.3,235.19 2 1
github.com/loicalleyne/bufarrowlib/proto/pbpath/value.go:236.19,237.19 1 1
github.com/loicalleyne/bufarrowlib/proto/pbpath/value.go:237.19,239.4 1 0
github.com/loicalleyne/bufarrowlib/proto/pbpath/value.go:240.3,240.21 1 1
github.com/loicalleyne/bufarrowlib/proto/pbpath/value.go:241.18,242.22 1 1
github.com/loicalleyne/bufarrowlib/proto/pbpath/value.go:242.22,244.4 1 1
github.com/loicalleyne/bufarrowlib/proto/pbpath/value.go:245.3,246.27 2 1
github.com/loicalleyne/bufarrowlib/proto/pbpath/value.go:246.27,247.13 1 1
github.com/loicalleyne/bufarrowlib/proto/pbpath/value.go:247.13,249.5 1 1
github.com/loicalleyne/bufarrowlib/proto/pbpath/value.go:250.4,254.46 5 1
github.com/loicalleyne/bufarrowlib/proto/pbpath/value.go:256.3,257.19 2 1
github.com/loicalleyne/bufarrowlib/proto/pbpath/value.go:258.10,259.16 1 0
github.com/loicalleyne/bufarrowlib/proto/pbpath/value.go:266.38,267.26 1 1
github.com/loicalleyne/bufarrowlib/proto/pbpath/value.go:267.26,269.34 2 1
github.com/loicalleyne/bufarrowlib/proto/pbpath/value.go:269.34,271.4 1 1
github.com/loicalleyne/bufarrowlib/proto/pbpath/value.go:273.2,273.19 1 1
github.com/loicalleyne/bufarrowlib/proto/pbpath/value.go:282.50,283.19 1 1
github.com/loicalleyne/bufarrowlib/proto/pbpath/value.go:283.19,285.3 1 1
github.com/loicalleyne/bufarrowlib/proto/pbpath/value.go:287.2,287.56 1 1
github.com/loicalleyne/bufarrowlib/proto/pbpath/value.go:287.56,289.3 1 1
github.com/loicalleyne/bufarrowlib/proto/pbpath/value.go:290.2,290.44 1 1
github.com/loicalleyne/bufarrowlib/proto/pbpath/value.go:297.50,298.16 1 1
github.com/loicalleyne/bufarrowlib/proto/pbpath/value.go:299.18,300.18 1 1
github.com/loicalleyne/bufarrowlib/proto/pbpath/value.go:301.19,302.19 1 1
github.com/loicalleyne/bufarrowlib/proto/pbpath/value.go:302.19,304.4 1 1
github.com/loicalleyne/bufarrowlib/proto/pbpath/value.go:305.3,305.30 1 1
github.com/loicalleyne/bufarrowlib/proto/pbpath/value.go:306.10,307.30 1 1
github.com/loicalleyne/bufarrowlib/proto/pbpath/value.go:315.35,316.16 1 1
github.com/loicalleyne/bufarrowlib/proto/pbpath/value.go:317.16,318.15 1 1
github.com/loicalleyne/bufarrowlib/proto/pbpath/value.go:319.18,320.29 1 1
github.com/loicalleyne/bufarrowlib/proto/pbpath/value.go:321.16,322.25 1 1
github.com/loicalleyne/bufarrowlib/proto/pbpath/value.go:323.19,324.22 1 0
github.com/loicalleyne/bufarrowlib/proto/pbpath/value.go:325.18,326.24 1 1
github.com/loicalleyne/bufarrowlib/proto/pbpath/value.go:327.10,328.15 1 1
github.com/loicalleyne/bufarrowlib/proto/pbpath/value.go:336.42,337.26 1 1
github.com/loicalleyne/bufarrowlib/proto/pbpath/value.go:337.26,339.3 1 1
github.com/loicalleyne/bufarrowlib/proto/pbpath/value.go:340.2,340.26 1 1
github.com/loicalleyne/bufarrowlib/proto/pbpath/value.go:346.72,347.26 1 1
github.com/loicalleyne/bufarrowlib/proto/pbpath/value.go:347.26,349.3 1 1
github.com/loicalleyne/bufarrowlib/proto/pbpath/value.go:350.2,350.43 1 1
github.com/loicalleyne/bufarrowlib/proto/pbpath/value.go:355.41,356.16 1 1
github.com/loicalleyne/bufarrowlib/proto/pbpath/value.go:357.16,358.12 1 1
github.com/loicalleyne/bufarrowlib/proto/pbpath/value.go:359.18,360.33 1 1
github.com/loicalleyne/bufarrowlib/proto/pbpath/value.go:361.16,362.18 1 1
github.com/loicalleyne/bufarrowlib/proto/pbpath/value.go:363.19,364.21 1 1
github.com/loicalleyne/bufarrowlib/proto/pbpath/value.go:365.18,366.20 1 1
github.com/loicalleyne/bufarrowlib/proto/pbpath/value.go:367.10,368.12 1 0
github.com/loicalleyne/bufarrowlib/proto/pbpath/value.go:376.35,377.49 1 1
github.com/loicalleyne/bufarrowlib/proto/pbpath/value.go:377.49,379.3 1 1
github.com/loicalleyne/bufarrowlib/proto/pbpath/value.go:380.2,380.29 1 1
